#
# A fatal error has been detected by the Java Runtime Environment:
#
#  SIGSEGV (0xb) at pc=0x0000000110a6d891, pid=9538, tid=53767
#
# JRE version: Java(TM) SE Runtime Environment (13.0.1+9) (build 13.0.1+9)
# Java VM: Java HotSpot(TM) 64-Bit Server VM (13.0.1+9, mixed mode, sharing, tiered, compressed oops, g1 gc, bsd-amd64)
# Problematic frame:
# C  [libawt_lwawt.dylib+0x1b891]  OGLSD_SetScratchSurface+0x1f
#
# No core dump will be written. Core dumps have been disabled. To enable core dumping, try "ulimit -c unlimited" before starting Java again
#
# If you would like to submit a bug report, please visit:
#   http://bugreport.java.com/bugreport/crash.jsp
# The crash happened outside the Java Virtual Machine in native code.
# See problematic frame for where to report the bug.
#

---------------  S U M M A R Y ------------

Command Line: -javaagent:/private/var/folders/vk/t1gb16715nn650prxd3dvxnw0000gn/T/AppTranslocation/BD8D861B-5590-4BB5-9377-4E3B19CB8699/d/IntelliJ IDEA CE.app/Contents/lib/idea_rt.jar=58735:/private/var/folders/vk/t1gb16715nn650prxd3dvxnw0000gn/T/AppTranslocation/BD8D861B-5590-4BB5-9377-4E3B19CB8699/d/IntelliJ IDEA CE.app/Contents/bin -Dfile.encoding=UTF-8 CLOO.Main

Host: MacBookPro14,1 x86_64 2300 MHz, 4 cores, 8G, Darwin 19.3.0
Time: Sat Feb 15 17:02:23 2020 EST elapsed time: 126 seconds (0d 0h 2m 6s)

---------------  T H R E A D  ---------------

Current thread (0x00007f890a923000):  JavaThread "Java2D Queue Flusher" daemon [_thread_in_native, id=53767, stack(0x00007000101d5000,0x00007000102d5000)]

Stack: [0x00007000101d5000,0x00007000102d5000],  sp=0x00007000102d48e0,  free space=1022k
Native frames: (J=compiled Java code, A=aot compiled Java code, j=interpreted, Vv=VM code, C=native code)
C  [libawt_lwawt.dylib+0x1b891]  OGLSD_SetScratchSurface+0x1f
C  [libawt_lwawt.dylib+0x3fe6d]  Java_sun_java2d_opengl_OGLRenderQueue_flushBuffer+0x949
J 1025  sun.java2d.opengl.OGLRenderQueue.flushBuffer(JI)V java.desktop@13.0.1 (0 bytes) @ 0x0000000121952a5d [0x00000001219529a0+0x00000000000000bd]
J 1021 c1 sun.java2d.opengl.OGLRenderQueue.flushBuffer()V java.desktop@13.0.1 (41 bytes) @ 0x000000011a57801c [0x000000011a577ee0+0x000000000000013c]
j  sun.java2d.opengl.OGLRenderQueue$QueueFlusher.run()V+81 java.desktop@13.0.1
j  java.lang.Thread.run()V+11 java.base@13.0.1
v  ~StubRoutines::call_stub
V  [libjvm.dylib+0x39910f]  _ZN9JavaCalls11call_helperEP9JavaValueRK12methodHandleP17JavaCallArgumentsP6Thread+0x285
V  [libjvm.dylib+0x398519]  _ZN9JavaCalls12call_virtualEP9JavaValueP5KlassP6SymbolS5_P17JavaCallArgumentsP6Thread+0xe7
V  [libjvm.dylib+0x3985d6]  _ZN9JavaCalls12call_virtualEP9JavaValue6HandleP5KlassP6SymbolS6_P6Thread+0x62
V  [libjvm.dylib+0x419518]  _ZL12thread_entryP10JavaThreadP6Thread+0x78
V  [libjvm.dylib+0x72fe88]  _ZN10JavaThread17thread_main_innerEv+0x86
V  [libjvm.dylib+0x72fcc6]  _ZN10JavaThread3runEv+0x124
V  [libjvm.dylib+0x72dae5]  _ZN6Thread8call_runEv+0x71
V  [libjvm.dylib+0x62641d]  _ZL19thread_native_entryP6Thread+0x132
C  [libsystem_pthread.dylib+0x5e65]  _pthread_start+0x94
C  [libsystem_pthread.dylib+0x183b]  thread_start+0xf

Java frames: (J=compiled Java code, j=interpreted, Vv=VM code)
J 1025  sun.java2d.opengl.OGLRenderQueue.flushBuffer(JI)V java.desktop@13.0.1 (0 bytes) @ 0x00000001219529e8 [0x00000001219529a0+0x0000000000000048]
J 1021 c1 sun.java2d.opengl.OGLRenderQueue.flushBuffer()V java.desktop@13.0.1 (41 bytes) @ 0x000000011a57801c [0x000000011a577ee0+0x000000000000013c]
j  sun.java2d.opengl.OGLRenderQueue$QueueFlusher.run()V+81 java.desktop@13.0.1
j  java.lang.Thread.run()V+11 java.base@13.0.1
v  ~StubRoutines::call_stub

siginfo: si_signo: 11 (SIGSEGV), si_code: 1 (SEGV_MAPERR), si_addr: 0x0000000000000003

Register to memory mapping:

RAX=0x0 is NULL
RBX=0x00007f8909ecf850 points into unknown readable memory: 00 00 00 00 00 00 00 20
RCX=0x0000000000000047 is an unknown value
RDX=0x0000000110a91e4a: Java_sun_java2d_opengl_OGLRenderQueue_flushBuffer+0x926 in /Library/Java/JavaVirtualMachines/jdk-13.0.1.jdk/Contents/Home/lib/libawt_lwawt.dylib at 0x0000000110a52000
RSP=0x00007000102d48e0 is pointing into the stack for thread: 0x00007f890a923000
RBP=0x00007000102d4910 is pointing into the stack for thread: 0x00007f890a923000
RSI=0x00007f8909ecf850 points into unknown readable memory: 00 00 00 00 00 00 00 20
RDI=0x00007f890a923310 points into unknown readable memory: e0 1d 35 0a 01 00 00 00
R8 =0x00000000000003ed is an unknown value
R9 =0xffffffff00000000 is an unknown value
R10=0x00000001219529e8 is at entry_point+72 in (nmethod*)0x0000000121952810
R11=0x000000011a577f20 is at entry_point+64 in (nmethod*)0x000000011a577d10
R12=0x00007f890a178a10 points into unknown readable memory: 5a 00 00 00 49 00 00 00
R13=0x0000000000000003 is an unknown value
R14=0x0000000110a920dc: Java_sun_java2d_opengl_OGLRenderQueue_flushBuffer+0xbb8 in /Library/Java/JavaVirtualMachines/jdk-13.0.1.jdk/Contents/Home/lib/libawt_lwawt.dylib at 0x0000000110a52000
R15=0x00007f890a923310 points into unknown readable memory: e0 1d 35 0a 01 00 00 00


Registers:
RAX=0x0000000000000000, RBX=0x00007f8909ecf850, RCX=0x0000000000000047, RDX=0x0000000110a91e4a
RSP=0x00007000102d48e0, RBP=0x00007000102d4910, RSI=0x00007f8909ecf850, RDI=0x00007f890a923310
R8 =0x00000000000003ed, R9 =0xffffffff00000000, R10=0x00000001219529e8, R11=0x000000011a577f20
R12=0x00007f890a178a10, R13=0x0000000000000003, R14=0x0000000110a920dc, R15=0x00007f890a923310
RIP=0x0000000110a6d891, EFLAGS=0x0000000000010206, ERR=0x0000000000000004
  TRAPNO=0x000000000000000e

Top of Stack: (sp=0x00007000102d48e0)
0x00007000102d48e0:   0000000000000000 00007f8909ecf850
0x00007000102d48f0:   00007f890a178a10 00007f890a178a20
0x00007000102d4900:   0000000110a920dc 00007f890a923310
0x00007000102d4910:   00007000102d4970 0000000110a91e6d
0x00007000102d4920:   000000010a3c3901 00007f890a923000
0x00007000102d4930:   00007000102d4950 000000000a14c2ea
0x00007000102d4940:   00007f8909d030a0 00000001104ecee8
0x00007000102d4950:   0000000000000000 00007000102d4a50
0x00007000102d4960:   00007000102d4ad8 00007f890a923000
0x00007000102d4970:   00007000102d49c0 0000000121952a5d
0x00007000102d4980:   00000007871108c0 00007f890a923000
0x00007000102d4990:   00007000102d4901 00007f8909d03f80
0x00007000102d49a0:   00007000102d4b00 00007f890a923000
0x00007000102d49b0:   00000008003d43e0 0000000000000000
0x00007000102d49c0:   00007000102d4ab0 000000011a57801c
0x00007000102d49d0:   00007000102d4a20 00000001219419db
0x00007000102d49e0:   00000007871077c0 00000001219433d9
0x00007000102d49f0:   00000007871077c0 0000000121962e64
0x00007000102d4a00:   00000001103d3d44 00007000102d4a50
0x00007000102d4a10:   00000001103d3dd0 0000000000000000
0x00007000102d4a20:   00000007871108c0 0000000119e42fb3
0x00007000102d4a30:   00007000102d4ab0 0000000119e42fb3
0x00007000102d4a40:   0000000000000064 0000000119e42fb3
0x00007000102d4a50:   00000007871108c0 0000000000000001
0x00007000102d4a60:   00000007871077c0 00007000102d4a58
0x00007000102d4a70:   00000001100d5d11 00007000102d4ad8
0x00007000102d4a80:   00000001100d6080 0000000000000000
0x00007000102d4a90:   00000007871077e0 00000001100d5e50
0x00007000102d4aa0:   00007000102d4a50 00007000102d4ad8
0x00007000102d4ab0:   00007000102d4b28 0000000119e42ff8
0x00007000102d4ac0:   0000000000000000 0000000000000000
0x00007000102d4ad0:   0000000000000000 00000007871077c0 

Instructions: (pc=0x0000000110a6d891)
0x0000000110a6d791:   59 05 00 ff 15 ae 8d 04 00 c7 43 40 00 00 00 00
0x0000000110a6d7a1:   31 db 4d 85 ff 74 08 4c 89 ff e8 94 db 02 00 84
0x0000000110a6d7b1:   db 75 0b 48 83 c4 08 5b 41 5e 41 5f 5d c3 e8 cc
0x0000000110a6d7c1:   dd 02 00 0f 0b 49 89 c6 eb 4c 48 89 c3 83 fa 02
0x0000000110a6d7d1:   75 31 48 89 df e8 a3 dd 02 00 48 8b 3d 56 63 05
0x0000000110a6d7e1:   00 48 8b 35 37 48 05 00 4c 89 f2 48 89 c1 ff 15
0x0000000110a6d7f1:   53 8d 04 00 e8 8a dd 02 00 eb a5 48 89 c3 e8 80
0x0000000110a6d801:   dd 02 00 48 89 df e8 72 dd 02 00 b3 01 eb 93 49
0x0000000110a6d811:   89 c6 84 db 74 05 e8 68 dd 02 00 4c 89 f7 e8 70
0x0000000110a6d821:   dc 02 00 0f 0b e8 a7 dd 02 00 55 48 89 e5 53 50
0x0000000110a6d831:   48 85 ff 74 0f 48 8b 47 38 48 85 c0 74 0f 48 8b
0x0000000110a6d841:   58 20 eb 23 48 8d 15 7e fb 03 00 eb 07 48 8d 15
0x0000000110a6d851:   9d fb 03 00 31 db bf 01 00 00 00 be 01 00 00 00
0x0000000110a6d861:   31 c0 e8 46 da 02 00 48 89 d8 48 83 c4 08 5b 5d
0x0000000110a6d871:   c3 55 48 89 e5 41 57 41 56 41 55 41 54 53 50 49
0x0000000110a6d881:   89 ff 48 85 f6 74 57 4c 8b 6e 10 4d 85 ed 74 57
0x0000000110a6d891:   49 8b 5d 00 31 c0 e8 a2 da 02 00 49 89 c6 48 8b
0x0000000110a6d8a1:   3b 48 8b 35 1f 59 05 00 ff 15 99 8c 04 00 48 85
0x0000000110a6d8b1:   c0 74 51 48 8b 3d a5 64 05 00 48 8b 35 0e 59 05
0x0000000110a6d8c1:   00 ff 15 80 8c 04 00 48 8b 3b 48 39 f8 74 59 48
0x0000000110a6d8d1:   8b 35 61 58 05 00 ff 15 6b 8c 04 00 eb 4a 48 8d
0x0000000110a6d8e1:   15 38 fb 03 00 eb 07 48 8d 15 60 fb 03 00 45 31
0x0000000110a6d8f1:   ed bf 01 00 00 00 be 01 00 00 00 31 c0 e8 ab d9
0x0000000110a6d901:   02 00 eb 6f 31 c0 e8 c8 4a 02 00 48 85 c0 74 09
0x0000000110a6d911:   48 8d 05 f0 db 05 00 ff 10 4c 89 ff 4c 89 ee e8
0x0000000110a6d921:   db 00 00 00 84 c0 74 25 41 f6 45 08 0c 74 17 48
0x0000000110a6d931:   8d 05 c9 da 05 00 45 31 e4 bf 40 8d 00 00 31 f6
0x0000000110a6d941:   ff 10 31 db eb 0c 45 31 e4 31 db eb 05 b3 01 45
0x0000000110a6d951:   31 e4 4d 85 f6 74 08 4c 89 f7 e8 e4 d9 02 00 45
0x0000000110a6d961:   84 e4 75 21 80 cb 02 80 e3 03 b0 02 38 c3 74 03
0x0000000110a6d971:   45 31 ed 4c 89 e8 48 83 c4 08 5b 41 5c 41 5d 41
0x0000000110a6d981:   5e 41 5f 5d c3 e8 05 dc 02 00 0f 0b 48 89 c3 eb 


Stack slot to memory mapping:
stack at sp + 0 slots: 0x0 is NULL
stack at sp + 1 slots: 0x00007f8909ecf850 points into unknown readable memory: 00 00 00 00 00 00 00 20
stack at sp + 2 slots: 0x00007f890a178a10 points into unknown readable memory: 5a 00 00 00 49 00 00 00
stack at sp + 3 slots: 0x00007f890a178a20 points into unknown readable memory: 00 00 00 00 90 01 00 00
stack at sp + 4 slots: 0x0000000110a920dc: Java_sun_java2d_opengl_OGLRenderQueue_flushBuffer+0xbb8 in /Library/Java/JavaVirtualMachines/jdk-13.0.1.jdk/Contents/Home/lib/libawt_lwawt.dylib at 0x0000000110a52000
stack at sp + 5 slots: 0x00007f890a923310 points into unknown readable memory: e0 1d 35 0a 01 00 00 00
stack at sp + 6 slots: 0x00007000102d4970 is pointing into the stack for thread: 0x00007f890a923000
stack at sp + 7 slots: 0x0000000110a91e6d: Java_sun_java2d_opengl_OGLRenderQueue_flushBuffer+0x949 in /Library/Java/JavaVirtualMachines/jdk-13.0.1.jdk/Contents/Home/lib/libawt_lwawt.dylib at 0x0000000110a52000


---------------  P R O C E S S  ---------------

Threads class SMR info:
_java_thread_list=0x00007f8909fa8b60, length=17, elements={
0x00007f890b00b000, 0x00007f890a081800, 0x00007f890a083000, 0x00007f890b838000,
0x00007f890b03e800, 0x00007f890b000000, 0x00007f890a086000, 0x00007f890a06d000,
0x00007f890b03f800, 0x00007f890a8fb000, 0x00007f890a90c000, 0x00007f890a923000,
0x00007f890a155000, 0x00007f890b92b800, 0x00007f890a9d9800, 0x00007f890b153000,
0x00007f890b989000
}

Java Threads: ( => current thread )
  0x00007f890b00b000 JavaThread "Reference Handler" daemon [_thread_blocked, id=17667, stack(0x000070000f425000,0x000070000f525000)]
  0x00007f890a081800 JavaThread "Finalizer" daemon [_thread_blocked, id=17411, stack(0x000070000f528000,0x000070000f628000)]
  0x00007f890a083000 JavaThread "Signal Dispatcher" daemon [_thread_blocked, id=43267, stack(0x000070000f731000,0x000070000f831000)]
  0x00007f890b838000 JavaThread "C2 CompilerThread0" daemon [_thread_blocked, id=22275, stack(0x000070000f834000,0x000070000f934000)]
  0x00007f890b03e800 JavaThread "C1 CompilerThread0" daemon [_thread_blocked, id=22531, stack(0x000070000f937000,0x000070000fa37000)]
  0x00007f890b000000 JavaThread "Sweeper thread" daemon [_thread_blocked, id=23043, stack(0x000070000fa3a000,0x000070000fb3a000)]
  0x00007f890a086000 JavaThread "Common-Cleaner" daemon [_thread_blocked, id=41475, stack(0x000070000fb3d000,0x000070000fc3d000)]
  0x00007f890a06d000 JavaThread "Monitor Ctrl-Break" daemon [_thread_in_native, id=40963, stack(0x000070000fc40000,0x000070000fd40000)]
  0x00007f890b03f800 JavaThread "Service Thread" daemon [_thread_blocked, id=24067, stack(0x000070000fd43000,0x000070000fe43000)]
  0x00007f890a8fb000 JavaThread "AppKit Thread" daemon [_thread_in_native, id=775, stack(0x00007ffee628b000,0x00007ffee6a8b000)]
  0x00007f890a90c000 JavaThread "AWT-Shutdown" [_thread_blocked, id=32771, stack(0x000070000ff49000,0x0000700010049000)]
=>0x00007f890a923000 JavaThread "Java2D Queue Flusher" daemon [_thread_in_native, id=53767, stack(0x00007000101d5000,0x00007000102d5000)]
  0x00007f890a155000 JavaThread "Java2D Disposer" daemon [_thread_blocked, id=72451, stack(0x000070001035b000,0x000070001045b000)]
  0x00007f890b92b800 JavaThread "Thread-0" [_thread_blocked, id=57863, stack(0x000070001045e000,0x000070001055e000)]
  0x00007f890a9d9800 JavaThread "AWT-EventQueue-0" [_thread_blocked, id=70407, stack(0x0000700010561000,0x0000700010661000)]
  0x00007f890b153000 JavaThread "DestroyJavaVM" [_thread_blocked, id=10243, stack(0x000070000ed10000,0x000070000ee10000)]
  0x00007f890b989000 JavaThread "Attach Listener" daemon [_thread_blocked, id=60931, stack(0x0000700010664000,0x0000700010764000)]

Other Threads:
  0x00007f890a07f000 VMThread "VM Thread" [stack: 0x000070000f322000,0x000070000f422000] [id=18435]
  0x00007f890a804000 WatcherThread [stack: 0x000070000fe46000,0x000070000ff46000] [id=40451]
  0x00007f890a02d800 GCTaskThread "GC Thread#0" [stack: 0x000070000ee13000,0x000070000ef13000] [id=11267]
  0x00007f890a966800 GCTaskThread "GC Thread#1" [stack: 0x000070000f62b000,0x000070000f72b000] [id=15179]
  0x00007f890aa2b000 GCTaskThread "GC Thread#2" [stack: 0x0000700010767000,0x0000700010867000] [id=53079]
  0x00007f890a9f8000 GCTaskThread "GC Thread#3" [stack: 0x000070001086a000,0x000070001096a000] [id=15879]
  0x00007f890a03e800 ConcurrentGCThread "G1 Main Marker" [stack: 0x000070000ef16000,0x000070000f016000] [id=20483]
  0x00007f890a03f800 ConcurrentGCThread "G1 Conc#0" [stack: 0x000070000f019000,0x000070000f119000] [id=12035]
  0x00007f890b833000 ConcurrentGCThread "G1 Refine#0" [stack: 0x000070000f11c000,0x000070000f21c000] [id=19715]
  0x00007f890a800000 ConcurrentGCThread "G1 Young RemSet Sampling" [stack: 0x000070000f21f000,0x000070000f31f000] [id=12803]

Threads with active compile tasks:

VM state:not at safepoint (normal execution)

VM Mutex/Monitor currently owned by a thread: None

Heap address: 0x0000000780000000, size: 2048 MB, Compressed Oops mode: Zero based, Oop shift amount: 3
Narrow klass base: 0x0000000800000000, Narrow klass shift: 3
Compressed class space size: 1073741824 Address: 0x0000000800ae0000

Heap:
 garbage-first heap   total 133120K, used 5572K [0x0000000780000000, 0x0000000800000000)
  region size 1024K, 3 young (3072K), 2 survivors (2048K)
 Metaspace       used 7480K, capacity 7786K, committed 7936K, reserved 1056768K
  class space    used 805K, capacity 926K, committed 1024K, reserved 1048576K
Heap Regions: E=young(eden), S=young(survivor), O=old, HS=humongous(starts), HC=humongous(continues), CS=collection set, F=free, A=archive, TAMS=top-at-mark-start (previous, next)
|   0|0x0000000780000000, 0x0000000780100000, 0x0000000780100000|100%|HS|  |TAMS 0x0000000780000000, 0x0000000780000000| Complete 
|   1|0x0000000780100000, 0x0000000780200000, 0x0000000780200000|100%|HC|  |TAMS 0x0000000780100000, 0x0000000780100000| Complete 
|   2|0x0000000780200000, 0x0000000780300000, 0x0000000780300000|100%|HC|  |TAMS 0x0000000780200000, 0x0000000780200000| Complete 
|   3|0x0000000780300000, 0x0000000780300000, 0x0000000780400000|  0%| F|  |TAMS 0x0000000780300000, 0x0000000780300000| Untracked 
|   4|0x0000000780400000, 0x0000000780400000, 0x0000000780500000|  0%| F|  |TAMS 0x0000000780400000, 0x0000000780400000| Untracked 
|   5|0x0000000780500000, 0x0000000780500000, 0x0000000780600000|  0%| F|  |TAMS 0x0000000780500000, 0x0000000780500000| Untracked 
|   6|0x0000000780600000, 0x0000000780600000, 0x0000000780700000|  0%| F|  |TAMS 0x0000000780600000, 0x0000000780600000| Untracked 
|   7|0x0000000780700000, 0x0000000780700000, 0x0000000780800000|  0%| F|  |TAMS 0x0000000780700000, 0x0000000780700000| Untracked 
|   8|0x0000000780800000, 0x0000000780800000, 0x0000000780900000|  0%| F|  |TAMS 0x0000000780800000, 0x0000000780800000| Untracked 
|   9|0x0000000780900000, 0x0000000780900000, 0x0000000780a00000|  0%| F|  |TAMS 0x0000000780900000, 0x0000000780900000| Untracked 
|  10|0x0000000780a00000, 0x0000000780a00000, 0x0000000780b00000|  0%| F|  |TAMS 0x0000000780a00000, 0x0000000780a00000| Untracked 
|  11|0x0000000780b00000, 0x0000000780b00000, 0x0000000780c00000|  0%| F|  |TAMS 0x0000000780b00000, 0x0000000780b00000| Untracked 
|  12|0x0000000780c00000, 0x0000000780c00000, 0x0000000780d00000|  0%| F|  |TAMS 0x0000000780c00000, 0x0000000780c00000| Untracked 
|  13|0x0000000780d00000, 0x0000000780d00000, 0x0000000780e00000|  0%| F|  |TAMS 0x0000000780d00000, 0x0000000780d00000| Untracked 
|  14|0x0000000780e00000, 0x0000000780e00000, 0x0000000780f00000|  0%| F|  |TAMS 0x0000000780e00000, 0x0000000780e00000| Untracked 
|  15|0x0000000780f00000, 0x0000000780f00000, 0x0000000781000000|  0%| F|  |TAMS 0x0000000780f00000, 0x0000000780f00000| Untracked 
|  16|0x0000000781000000, 0x0000000781000000, 0x0000000781100000|  0%| F|  |TAMS 0x0000000781000000, 0x0000000781000000| Untracked 
|  17|0x0000000781100000, 0x0000000781100000, 0x0000000781200000|  0%| F|  |TAMS 0x0000000781100000, 0x0000000781100000| Untracked 
|  18|0x0000000781200000, 0x0000000781200000, 0x0000000781300000|  0%| F|  |TAMS 0x0000000781200000, 0x0000000781200000| Untracked 
|  19|0x0000000781300000, 0x0000000781300000, 0x0000000781400000|  0%| F|  |TAMS 0x0000000781300000, 0x0000000781300000| Untracked 
|  20|0x0000000781400000, 0x0000000781400000, 0x0000000781500000|  0%| F|  |TAMS 0x0000000781400000, 0x0000000781400000| Untracked 
|  21|0x0000000781500000, 0x0000000781500000, 0x0000000781600000|  0%| F|  |TAMS 0x0000000781500000, 0x0000000781500000| Untracked 
|  22|0x0000000781600000, 0x0000000781600000, 0x0000000781700000|  0%| F|  |TAMS 0x0000000781600000, 0x0000000781600000| Untracked 
|  23|0x0000000781700000, 0x0000000781700000, 0x0000000781800000|  0%| F|  |TAMS 0x0000000781700000, 0x0000000781700000| Untracked 
|  24|0x0000000781800000, 0x0000000781800000, 0x0000000781900000|  0%| F|  |TAMS 0x0000000781800000, 0x0000000781800000| Untracked 
|  25|0x0000000781900000, 0x0000000781900000, 0x0000000781a00000|  0%| F|  |TAMS 0x0000000781900000, 0x0000000781900000| Untracked 
|  26|0x0000000781a00000, 0x0000000781a00000, 0x0000000781b00000|  0%| F|  |TAMS 0x0000000781a00000, 0x0000000781a00000| Untracked 
|  27|0x0000000781b00000, 0x0000000781b00000, 0x0000000781c00000|  0%| F|  |TAMS 0x0000000781b00000, 0x0000000781b00000| Untracked 
|  28|0x0000000781c00000, 0x0000000781c00000, 0x0000000781d00000|  0%| F|  |TAMS 0x0000000781c00000, 0x0000000781c00000| Untracked 
|  29|0x0000000781d00000, 0x0000000781d00000, 0x0000000781e00000|  0%| F|  |TAMS 0x0000000781d00000, 0x0000000781d00000| Untracked 
|  30|0x0000000781e00000, 0x0000000781e00000, 0x0000000781f00000|  0%| F|  |TAMS 0x0000000781e00000, 0x0000000781e00000| Untracked 
|  31|0x0000000781f00000, 0x0000000781f00000, 0x0000000782000000|  0%| F|  |TAMS 0x0000000781f00000, 0x0000000781f00000| Untracked 
|  32|0x0000000782000000, 0x0000000782000000, 0x0000000782100000|  0%| F|  |TAMS 0x0000000782000000, 0x0000000782000000| Untracked 
|  33|0x0000000782100000, 0x0000000782100000, 0x0000000782200000|  0%| F|  |TAMS 0x0000000782100000, 0x0000000782100000| Untracked 
|  34|0x0000000782200000, 0x0000000782200000, 0x0000000782300000|  0%| F|  |TAMS 0x0000000782200000, 0x0000000782200000| Untracked 
|  35|0x0000000782300000, 0x0000000782300000, 0x0000000782400000|  0%| F|  |TAMS 0x0000000782300000, 0x0000000782300000| Untracked 
|  36|0x0000000782400000, 0x0000000782400000, 0x0000000782500000|  0%| F|  |TAMS 0x0000000782400000, 0x0000000782400000| Untracked 
|  37|0x0000000782500000, 0x0000000782500000, 0x0000000782600000|  0%| F|  |TAMS 0x0000000782500000, 0x0000000782500000| Untracked 
|  38|0x0000000782600000, 0x0000000782600000, 0x0000000782700000|  0%| F|  |TAMS 0x0000000782600000, 0x0000000782600000| Untracked 
|  39|0x0000000782700000, 0x0000000782700000, 0x0000000782800000|  0%| F|  |TAMS 0x0000000782700000, 0x0000000782700000| Untracked 
|  40|0x0000000782800000, 0x0000000782800000, 0x0000000782900000|  0%| F|  |TAMS 0x0000000782800000, 0x0000000782800000| Untracked 
|  41|0x0000000782900000, 0x0000000782900000, 0x0000000782a00000|  0%| F|  |TAMS 0x0000000782900000, 0x0000000782900000| Untracked 
|  42|0x0000000782a00000, 0x0000000782a00000, 0x0000000782b00000|  0%| F|  |TAMS 0x0000000782a00000, 0x0000000782a00000| Untracked 
|  43|0x0000000782b00000, 0x0000000782b00000, 0x0000000782c00000|  0%| F|  |TAMS 0x0000000782b00000, 0x0000000782b00000| Untracked 
|  44|0x0000000782c00000, 0x0000000782c00000, 0x0000000782d00000|  0%| F|  |TAMS 0x0000000782c00000, 0x0000000782c00000| Untracked 
|  45|0x0000000782d00000, 0x0000000782d00000, 0x0000000782e00000|  0%| F|  |TAMS 0x0000000782d00000, 0x0000000782d00000| Untracked 
|  46|0x0000000782e00000, 0x0000000782e00000, 0x0000000782f00000|  0%| F|  |TAMS 0x0000000782e00000, 0x0000000782e00000| Untracked 
|  47|0x0000000782f00000, 0x0000000782f00000, 0x0000000783000000|  0%| F|  |TAMS 0x0000000782f00000, 0x0000000782f00000| Untracked 
|  48|0x0000000783000000, 0x0000000783000000, 0x0000000783100000|  0%| F|  |TAMS 0x0000000783000000, 0x0000000783000000| Untracked 
|  49|0x0000000783100000, 0x0000000783100000, 0x0000000783200000|  0%| F|  |TAMS 0x0000000783100000, 0x0000000783100000| Untracked 
|  50|0x0000000783200000, 0x0000000783200000, 0x0000000783300000|  0%| F|  |TAMS 0x0000000783200000, 0x0000000783200000| Untracked 
|  51|0x0000000783300000, 0x0000000783300000, 0x0000000783400000|  0%| F|  |TAMS 0x0000000783300000, 0x0000000783300000| Untracked 
|  52|0x0000000783400000, 0x0000000783400000, 0x0000000783500000|  0%| F|  |TAMS 0x0000000783400000, 0x0000000783400000| Untracked 
|  53|0x0000000783500000, 0x0000000783500000, 0x0000000783600000|  0%| F|  |TAMS 0x0000000783500000, 0x0000000783500000| Untracked 
|  54|0x0000000783600000, 0x0000000783600000, 0x0000000783700000|  0%| F|  |TAMS 0x0000000783600000, 0x0000000783600000| Untracked 
|  55|0x0000000783700000, 0x0000000783700000, 0x0000000783800000|  0%| F|  |TAMS 0x0000000783700000, 0x0000000783700000| Untracked 
|  56|0x0000000783800000, 0x0000000783800000, 0x0000000783900000|  0%| F|  |TAMS 0x0000000783800000, 0x0000000783800000| Untracked 
|  57|0x0000000783900000, 0x0000000783900000, 0x0000000783a00000|  0%| F|  |TAMS 0x0000000783900000, 0x0000000783900000| Untracked 
|  58|0x0000000783a00000, 0x0000000783a00000, 0x0000000783b00000|  0%| F|  |TAMS 0x0000000783a00000, 0x0000000783a00000| Untracked 
|  59|0x0000000783b00000, 0x0000000783b00000, 0x0000000783c00000|  0%| F|  |TAMS 0x0000000783b00000, 0x0000000783b00000| Untracked 
|  60|0x0000000783c00000, 0x0000000783c00000, 0x0000000783d00000|  0%| F|  |TAMS 0x0000000783c00000, 0x0000000783c00000| Untracked 
|  61|0x0000000783d00000, 0x0000000783d00000, 0x0000000783e00000|  0%| F|  |TAMS 0x0000000783d00000, 0x0000000783d00000| Untracked 
|  62|0x0000000783e00000, 0x0000000783e00000, 0x0000000783f00000|  0%| F|  |TAMS 0x0000000783e00000, 0x0000000783e00000| Untracked 
|  63|0x0000000783f00000, 0x0000000783f00000, 0x0000000784000000|  0%| F|  |TAMS 0x0000000783f00000, 0x0000000783f00000| Untracked 
|  64|0x0000000784000000, 0x0000000784000000, 0x0000000784100000|  0%| F|  |TAMS 0x0000000784000000, 0x0000000784000000| Untracked 
|  65|0x0000000784100000, 0x0000000784100000, 0x0000000784200000|  0%| F|  |TAMS 0x0000000784100000, 0x0000000784100000| Untracked 
|  66|0x0000000784200000, 0x0000000784200000, 0x0000000784300000|  0%| F|  |TAMS 0x0000000784200000, 0x0000000784200000| Untracked 
|  67|0x0000000784300000, 0x0000000784300000, 0x0000000784400000|  0%| F|  |TAMS 0x0000000784300000, 0x0000000784300000| Untracked 
|  68|0x0000000784400000, 0x0000000784400000, 0x0000000784500000|  0%| F|  |TAMS 0x0000000784400000, 0x0000000784400000| Untracked 
|  69|0x0000000784500000, 0x0000000784500000, 0x0000000784600000|  0%| F|  |TAMS 0x0000000784500000, 0x0000000784500000| Untracked 
|  70|0x0000000784600000, 0x0000000784600000, 0x0000000784700000|  0%| F|  |TAMS 0x0000000784600000, 0x0000000784600000| Untracked 
|  71|0x0000000784700000, 0x0000000784700000, 0x0000000784800000|  0%| F|  |TAMS 0x0000000784700000, 0x0000000784700000| Untracked 
|  72|0x0000000784800000, 0x0000000784800000, 0x0000000784900000|  0%| F|  |TAMS 0x0000000784800000, 0x0000000784800000| Untracked 
|  73|0x0000000784900000, 0x0000000784900000, 0x0000000784a00000|  0%| F|  |TAMS 0x0000000784900000, 0x0000000784900000| Untracked 
|  74|0x0000000784a00000, 0x0000000784a00000, 0x0000000784b00000|  0%| F|  |TAMS 0x0000000784a00000, 0x0000000784a00000| Untracked 
|  75|0x0000000784b00000, 0x0000000784b00000, 0x0000000784c00000|  0%| F|  |TAMS 0x0000000784b00000, 0x0000000784b00000| Untracked 
|  76|0x0000000784c00000, 0x0000000784c00000, 0x0000000784d00000|  0%| F|  |TAMS 0x0000000784c00000, 0x0000000784c00000| Untracked 
|  77|0x0000000784d00000, 0x0000000784d00000, 0x0000000784e00000|  0%| F|  |TAMS 0x0000000784d00000, 0x0000000784d00000| Untracked 
|  78|0x0000000784e00000, 0x0000000784e00000, 0x0000000784f00000|  0%| F|  |TAMS 0x0000000784e00000, 0x0000000784e00000| Untracked 
|  79|0x0000000784f00000, 0x0000000784f00000, 0x0000000785000000|  0%| F|  |TAMS 0x0000000784f00000, 0x0000000784f00000| Untracked 
|  80|0x0000000785000000, 0x0000000785000000, 0x0000000785100000|  0%| F|  |TAMS 0x0000000785000000, 0x0000000785000000| Untracked 
|  81|0x0000000785100000, 0x0000000785100000, 0x0000000785200000|  0%| F|  |TAMS 0x0000000785100000, 0x0000000785100000| Untracked 
|  82|0x0000000785200000, 0x0000000785200000, 0x0000000785300000|  0%| F|  |TAMS 0x0000000785200000, 0x0000000785200000| Untracked 
|  83|0x0000000785300000, 0x0000000785300000, 0x0000000785400000|  0%| F|  |TAMS 0x0000000785300000, 0x0000000785300000| Untracked 
|  84|0x0000000785400000, 0x0000000785400000, 0x0000000785500000|  0%| F|  |TAMS 0x0000000785400000, 0x0000000785400000| Untracked 
|  85|0x0000000785500000, 0x0000000785500000, 0x0000000785600000|  0%| F|  |TAMS 0x0000000785500000, 0x0000000785500000| Untracked 
|  86|0x0000000785600000, 0x0000000785600000, 0x0000000785700000|  0%| F|  |TAMS 0x0000000785600000, 0x0000000785600000| Untracked 
|  87|0x0000000785700000, 0x0000000785700000, 0x0000000785800000|  0%| F|  |TAMS 0x0000000785700000, 0x0000000785700000| Untracked 
|  88|0x0000000785800000, 0x0000000785800000, 0x0000000785900000|  0%| F|  |TAMS 0x0000000785800000, 0x0000000785800000| Untracked 
|  89|0x0000000785900000, 0x0000000785900000, 0x0000000785a00000|  0%| F|  |TAMS 0x0000000785900000, 0x0000000785900000| Untracked 
|  90|0x0000000785a00000, 0x0000000785a00000, 0x0000000785b00000|  0%| F|  |TAMS 0x0000000785a00000, 0x0000000785a00000| Untracked 
|  91|0x0000000785b00000, 0x0000000785b00000, 0x0000000785c00000|  0%| F|  |TAMS 0x0000000785b00000, 0x0000000785b00000| Untracked 
|  92|0x0000000785c00000, 0x0000000785c00000, 0x0000000785d00000|  0%| F|  |TAMS 0x0000000785c00000, 0x0000000785c00000| Untracked 
|  93|0x0000000785d00000, 0x0000000785d00000, 0x0000000785e00000|  0%| F|  |TAMS 0x0000000785d00000, 0x0000000785d00000| Untracked 
|  94|0x0000000785e00000, 0x0000000785e00000, 0x0000000785f00000|  0%| F|  |TAMS 0x0000000785e00000, 0x0000000785e00000| Untracked 
|  95|0x0000000785f00000, 0x0000000785f00000, 0x0000000786000000|  0%| F|  |TAMS 0x0000000785f00000, 0x0000000785f00000| Untracked 
|  96|0x0000000786000000, 0x0000000786000000, 0x0000000786100000|  0%| F|  |TAMS 0x0000000786000000, 0x0000000786000000| Untracked 
|  97|0x0000000786100000, 0x0000000786100000, 0x0000000786200000|  0%| F|  |TAMS 0x0000000786100000, 0x0000000786100000| Untracked 
|  98|0x0000000786200000, 0x0000000786200000, 0x0000000786300000|  0%| F|  |TAMS 0x0000000786200000, 0x0000000786200000| Untracked 
|  99|0x0000000786300000, 0x0000000786300000, 0x0000000786400000|  0%| F|  |TAMS 0x0000000786300000, 0x0000000786300000| Untracked 
| 100|0x0000000786400000, 0x0000000786400000, 0x0000000786500000|  0%| F|  |TAMS 0x0000000786400000, 0x0000000786400000| Untracked 
| 101|0x0000000786500000, 0x0000000786500000, 0x0000000786600000|  0%| F|  |TAMS 0x0000000786500000, 0x0000000786500000| Untracked 
| 102|0x0000000786600000, 0x0000000786600000, 0x0000000786700000|  0%| F|  |TAMS 0x0000000786600000, 0x0000000786600000| Untracked 
| 103|0x0000000786700000, 0x0000000786700000, 0x0000000786800000|  0%| F|  |TAMS 0x0000000786700000, 0x0000000786700000| Untracked 
| 104|0x0000000786800000, 0x0000000786800000, 0x0000000786900000|  0%| F|  |TAMS 0x0000000786800000, 0x0000000786800000| Untracked 
| 105|0x0000000786900000, 0x0000000786900000, 0x0000000786a00000|  0%| F|  |TAMS 0x0000000786900000, 0x0000000786900000| Untracked 
| 106|0x0000000786a00000, 0x0000000786a00000, 0x0000000786b00000|  0%| F|  |TAMS 0x0000000786a00000, 0x0000000786a00000| Untracked 
| 107|0x0000000786b00000, 0x0000000786b00000, 0x0000000786c00000|  0%| F|  |TAMS 0x0000000786b00000, 0x0000000786b00000| Untracked 
| 108|0x0000000786c00000, 0x0000000786c00000, 0x0000000786d00000|  0%| F|  |TAMS 0x0000000786c00000, 0x0000000786c00000| Untracked 
| 109|0x0000000786d00000, 0x0000000786d00000, 0x0000000786e00000|  0%| F|  |TAMS 0x0000000786d00000, 0x0000000786d00000| Untracked 
| 110|0x0000000786e00000, 0x0000000786e00000, 0x0000000786f00000|  0%| F|  |TAMS 0x0000000786e00000, 0x0000000786e00000| Untracked 
| 111|0x0000000786f00000, 0x0000000786f00000, 0x0000000787000000|  0%| F|  |TAMS 0x0000000786f00000, 0x0000000786f00000| Untracked 
| 112|0x0000000787000000, 0x00000007870b31f8, 0x0000000787100000| 69%| S|CS|TAMS 0x0000000787000000, 0x0000000787000000| Complete 
| 113|0x0000000787100000, 0x0000000787200000, 0x0000000787200000|100%| S|CS|TAMS 0x0000000787100000, 0x0000000787100000| Complete 
| 114|0x0000000787200000, 0x0000000787200000, 0x0000000787300000|  0%| F|  |TAMS 0x0000000787200000, 0x0000000787200000| Untracked 
| 115|0x0000000787300000, 0x0000000787300000, 0x0000000787400000|  0%| F|  |TAMS 0x0000000787300000, 0x0000000787300000| Untracked 
| 116|0x0000000787400000, 0x0000000787400000, 0x0000000787500000|  0%| F|  |TAMS 0x0000000787400000, 0x0000000787400000| Untracked 
| 117|0x0000000787500000, 0x0000000787500000, 0x0000000787600000|  0%| F|  |TAMS 0x0000000787500000, 0x0000000787500000| Untracked 
| 118|0x0000000787600000, 0x0000000787600000, 0x0000000787700000|  0%| F|  |TAMS 0x0000000787600000, 0x0000000787600000| Untracked 
| 119|0x0000000787700000, 0x0000000787700000, 0x0000000787800000|  0%| F|  |TAMS 0x0000000787700000, 0x0000000787700000| Untracked 
| 120|0x0000000787800000, 0x0000000787800000, 0x0000000787900000|  0%| F|  |TAMS 0x0000000787800000, 0x0000000787800000| Untracked 
| 121|0x0000000787900000, 0x0000000787900000, 0x0000000787a00000|  0%| F|  |TAMS 0x0000000787900000, 0x0000000787900000| Untracked 
| 122|0x0000000787a00000, 0x0000000787a00000, 0x0000000787b00000|  0%| F|  |TAMS 0x0000000787a00000, 0x0000000787a00000| Untracked 
| 123|0x0000000787b00000, 0x0000000787b00000, 0x0000000787c00000|  0%| F|  |TAMS 0x0000000787b00000, 0x0000000787b00000| Untracked 
| 124|0x0000000787c00000, 0x0000000787c00000, 0x0000000787d00000|  0%| F|  |TAMS 0x0000000787c00000, 0x0000000787c00000| Untracked 
| 125|0x0000000787d00000, 0x0000000787d00000, 0x0000000787e00000|  0%| F|  |TAMS 0x0000000787d00000, 0x0000000787d00000| Untracked 
| 126|0x0000000787e00000, 0x0000000787e00000, 0x0000000787f00000|  0%| F|  |TAMS 0x0000000787e00000, 0x0000000787e00000| Untracked 
| 127|0x0000000787f00000, 0x0000000788000000, 0x0000000788000000|100%| E|  |TAMS 0x0000000787f00000, 0x0000000787f00000| Complete 
|1022|0x00000007bfe00000, 0x00000007bfe47000, 0x00000007bff00000| 27%|OA|  |TAMS 0x00000007bfe00000, 0x00000007bfe00000| Untracked 
|1023|0x00000007bff00000, 0x00000007bff77000, 0x00000007c0000000| 46%|CA|  |TAMS 0x00000007bff00000, 0x00000007bff00000| Untracked 

Card table byte_map: [0x000000010b24b000,0x000000010b64b000] _byte_map_base: 0x000000010764b000

Marking Bits (Prev, Next): (CMBitMap*) 0x00007f890a02e018, (CMBitMap*) 0x00007f890a02e058
 Prev Bits: [0x000000010ba4b000, 0x000000010da4b000)
 Next Bits: [0x000000010da4b000, 0x000000010fa4b000)

Polling page: 0x00000001091e5000

Metaspace:

Usage:
  Non-class:      6.70 MB capacity,     6.52 MB ( 97%) used,   163.98 KB (  2%) free+waste,    21.31 KB ( <1%) overhead. 
      Class:    926.00 KB capacity,   805.38 KB ( 87%) used,   106.44 KB ( 11%) free+waste,    14.19 KB (  2%) overhead. 
       Both:      7.60 MB capacity,     7.30 MB ( 96%) used,   270.41 KB (  3%) free+waste,    35.50 KB ( <1%) overhead. 

Virtual space:
  Non-class space:        8.00 MB reserved,       6.75 MB ( 84%) committed 
      Class space:        1.00 GB reserved,       1.00 MB ( <1%) committed 
             Both:        1.01 GB reserved,       7.75 MB ( <1%) committed 

Chunk freelists:
   Non-Class:  52.00 KB
       Class:  2.00 KB
        Both:  54.00 KB

MaxMetaspaceSize: unlimited
CompressedClassSpaceSize: 1.00 GB

CodeHeap 'non-profiled nmethods': size=120032Kb used=572Kb max_used=572Kb free=119459Kb
 bounds [0x0000000121901000, 0x0000000121b71000, 0x0000000128e39000]
CodeHeap 'profiled nmethods': size=120032Kb used=2505Kb max_used=2505Kb free=117527Kb
 bounds [0x000000011a3c9000, 0x000000011a649000, 0x0000000121901000]
CodeHeap 'non-nmethods': size=5696Kb used=1286Kb max_used=1310Kb free=4409Kb
 bounds [0x0000000119e39000, 0x000000011a0a9000, 0x000000011a3c9000]
 total_blobs=2200 nmethods=1329 adapters=485
 compilation: enabled
              stopped_count=0, restarted_count=0
 full_count=0

Compilation events (20 events):
Event: 109.046 Thread 0x00007f890b838000 1319       4       java.awt.Component::getFont_NoClientCode (29 bytes)
Event: 109.048 Thread 0x00007f890b838000 nmethod 1319 0x0000000121985e10 code [0x0000000121985fa0, 0x0000000121986088]
Event: 110.397 Thread 0x00007f890b838000 1320       4       sun.java2d.loops.ProcessPath$DrawHandler::setBounds (65 bytes)
Event: 110.398 Thread 0x00007f890b838000 nmethod 1320 0x0000000121986190 code [0x0000000121986340, 0x0000000121986418]
Event: 110.703 Thread 0x00007f890b838000 1321       4       CLOO.Game::paint (172 bytes)
Event: 110.744 Thread 0x00007f890b838000 nmethod 1321 0x0000000121986490 code [0x0000000121986820, 0x00000001219885c8]
Event: 111.213 Thread 0x00007f890b838000 1322       4       sun.java2d.pipe.Region::isInsideQuickCheck (57 bytes)
Event: 111.215 Thread 0x00007f890b838000 nmethod 1322 0x0000000121989b10 code [0x0000000121989ca0, 0x0000000121989db8]
Event: 111.625 Thread 0x00007f890b838000 1323       4       sun.java2d.SunGraphics2D::constrain (216 bytes)
Event: 111.664 Thread 0x00007f890b838000 nmethod 1323 0x0000000121989f10 code [0x000000012198a2c0, 0x000000012198cbe0]
Event: 111.729 Thread 0x00007f890b838000 1324       4       java.awt.Component::getGraphics (124 bytes)
Event: 111.739 Thread 0x00007f890b838000 nmethod 1324 0x000000012198e390 code [0x000000012198e580, 0x000000012198f230]
Event: 118.430 Thread 0x00007f890b838000 1325       4       java.util.HashMap::afterNodeRemoval (1 bytes)
Event: 118.431 Thread 0x00007f890b838000 nmethod 1325 0x000000012198f710 code [0x000000012198f880, 0x000000012198f8f8]
Event: 121.002 Thread 0x00007f890b838000 1326       4       sun.awt.AppContext::getAppContext (51 bytes)
Event: 121.004 Thread 0x00007f890b838000 nmethod 1326 0x000000012198fa10 code [0x000000012198fb80, 0x000000012198fc18]
Event: 124.599 Thread 0x00007f890b03e800 1327       3       sun.java2d.loops.ProcessPath::IS_CLIPPED (15 bytes)
Event: 124.600 Thread 0x00007f890b03e800 nmethod 1327 0x000000011a63a410 code [0x000000011a63a5a0, 0x000000011a63a770]
Event: 126.344 Thread 0x00007f890b03e800 1329   !   3       java.lang.ref.ReferenceQueue::enqueue (119 bytes)
Event: 126.345 Thread 0x00007f890b03e800 nmethod 1329 0x000000011a63a810 code [0x000000011a63aa00, 0x000000011a63b268]

GC Heap History (2 events):
Event: 126.332 GC heap before
{Heap before GC invocations=0 (full 0):
 garbage-first heap   total 133120K, used 18168K [0x0000000780000000, 0x0000000800000000)
  region size 1024K, 14 young (14336K), 0 survivors (0K)
 Metaspace       used 7477K, capacity 7786K, committed 7936K, reserved 1056768K
  class space    used 805K, capacity 926K, committed 1024K, reserved 1048576K
}
Event: 126.344 GC heap after
{Heap after GC invocations=1 (full 0):
 garbage-first heap   total 133120K, used 5572K [0x0000000780000000, 0x0000000800000000)
  region size 1024K, 2 young (2048K), 2 survivors (2048K)
 Metaspace       used 7477K, capacity 7786K, committed 7936K, reserved 1056768K
  class space    used 805K, capacity 926K, committed 1024K, reserved 1048576K
}

Deoptimization events (20 events):
Event: 44.828 Thread 0x00007f890a9d9800 Uncommon trap: trap_request=0xffffff45 fr.pc=0x000000012194cda8 relative=0x0000000000000368
Event: 44.828 Thread 0x00007f890a9d9800 Uncommon trap: reason=unstable_if action=reinterpret pc=0x000000012194cda8 method=sun.java2d.SunGraphics2D.setColor(Ljava/awt/Color;)V @ 35 c2
Event: 44.828 Thread 0x00007f890a9d9800 DEOPT PACKING pc=0x000000012194cda8 sp=0x000070001065f990
Event: 44.828 Thread 0x00007f890a9d9800 DEOPT UNPACKING pc=0x0000000119e81e25 sp=0x000070001065f958 mode 2
Event: 44.828 Thread 0x00007f890a9d9800 Uncommon trap: trap_request=0xffffffc6 fr.pc=0x000000012194c13c relative=0x00000000000001fc
Event: 44.828 Thread 0x00007f890a9d9800 Uncommon trap: reason=bimorphic_or_optimized_type_check action=maybe_recompile pc=0x000000012194c13c method=sun.java2d.SunGraphics2D.validateColor()V @ 19 c2
Event: 44.828 Thread 0x00007f890a9d9800 DEOPT PACKING pc=0x000000012194c13c sp=0x000070001065f6e0
Event: 44.828 Thread 0x00007f890a9d9800 DEOPT UNPACKING pc=0x0000000119e81e25 sp=0x000070001065f688 mode 2
Event: 44.833 Thread 0x00007f890a8fb000 Uncommon trap: trap_request=0xffffffde fr.pc=0x0000000121952404 relative=0x0000000000000144
Event: 44.833 Thread 0x00007f890a8fb000 Uncommon trap: reason=class_check action=maybe_recompile pc=0x0000000121952404 method=sun.java2d.opengl.OGLRenderer.validateContext(Lsun/java2d/SunGraphics2D;)V @ 4 c2
Event: 44.833 Thread 0x00007f890a8fb000 DEOPT PACKING pc=0x0000000121952404 sp=0x00007ffee6a864f0
Event: 44.833 Thread 0x00007f890a8fb000 DEOPT UNPACKING pc=0x0000000119e81e25 sp=0x00007ffee6a864c8 mode 2
Event: 45.711 Thread 0x00007f890a9d9800 DEOPT PACKING pc=0x000000011a5028d7 sp=0x00007000106602e0
Event: 45.711 Thread 0x00007f890a9d9800 DEOPT UNPACKING pc=0x0000000119e8233a sp=0x000070001065f790 mode 0
Event: 64.804 Thread 0x00007f890a9d9800 Uncommon trap: trap_request=0xffffff45 fr.pc=0x000000012197075c relative=0x0000000000000ebc
Event: 64.804 Thread 0x00007f890a9d9800 Uncommon trap: reason=unstable_if action=reinterpret pc=0x000000012197075c method=sun.java2d.loops.ProcessPath$FillProcessHandler.processFixedLine(IIII[IZZ)V @ 2 c2
Event: 64.804 Thread 0x00007f890a9d9800 DEOPT PACKING pc=0x000000012197075c sp=0x000070001065f3b0
Event: 64.804 Thread 0x00007f890a9d9800 DEOPT UNPACKING pc=0x0000000119e81e25 sp=0x000070001065f328 mode 2
Event: 96.164 Thread 0x00007f890a9d9800 DEOPT PACKING pc=0x000000011a6051ef sp=0x000070001065f620
Event: 96.164 Thread 0x00007f890a9d9800 DEOPT UNPACKING pc=0x0000000119e8233a sp=0x000070001065eac0 mode 0

Classes unloaded (0 events):
No events

Classes redefined (0 events):
No events

Internal exceptions (20 events):
Event: 0.230 Thread 0x00007f890a006000 Exception <a 'java/io/FileNotFoundException'{0x0000000787d24330}> (0x0000000787d24330) 
thrown [/scratch/mesos/slaves/fcf4c0c4-d73e-4321-860c-6613427db92b-S2452/frameworks/1735e8a2-a1db-478c-8104-60c8b0af87dd-0196/executors/ab12d1f8-defd-4a26-b83a-82b67c14bc8d/runs/ad8904cf-d9a8-428f-8f86-4d88be7b86bd/workspace/open/src/hotspot/share/prims/jni.cpp, line 598]
Event: 0.256 Thread 0x00007f890a006000 Exception <a 'java/lang/ClassNotFoundException'{0x0000000787d5c288}: sun/awt/resources/spi/awtosxProvider> (0x0000000787d5c288) 
thrown [/scratch/mesos/slaves/fcf4c0c4-d73e-4321-860c-6613427db92b-S2452/frameworks/1735e8a2-a1db-478c-8104-60c8b0af87dd-0196/executors/ab12d1f8-defd-4a26-b83a-82b67c14bc8d/runs/ad8904cf-d9a8-428f-8f86-4d88be7b86bd/workspace/open/src/hotspot/share/classfile/systemDictionary.cpp, line 232]
Event: 0.690 Thread 0x00007f890a006000 Exception <a 'java/lang/NoSuchMethodError'{0x0000000787c0d638}: 'void java.lang.invoke.DirectMethodHandle$Holder.invokeStaticInit(java.lang.Object)'> (0x0000000787c0d638) 
thrown [/scratch/mesos/slaves/fcf4c0c4-d73e-4321-860c-6613427db92b-S2452/frameworks/1735e8a2-a1db-478c-8104-60c8b0af87dd-0196/executors/ab12d1f8-defd-4a26-b83a-82b67c14bc8d/runs/ad8904cf-d9a8-428f-8f86-4d88be7b86bd/workspace/open/src/hotspot/share/interpreter/linkResolver.cpp, line 767]
Event: 0.706 Thread 0x00007f890a006000 Exception <a 'java/lang/NoSuchMethodError'{0x0000000787c32c90}: 'java.lang.Object java.lang.invoke.DirectMethodHandle$Holder.invokeStatic(java.lang.Object, int, java.lang.Object, java.lang.Object, java.lang.Object, java.lang.Object)'> (0x0000000787c32c90) 
thrown [/scratch/mesos/slaves/fcf4c0c4-d73e-4321-860c-6613427db92b-S2452/frameworks/1735e8a2-a1db-478c-8104-60c8b0af87dd-0196/executors/ab12d1f8-defd-4a26-b83a-82b67c14bc8d/runs/ad8904cf-d9a8-428f-8f86-4d88be7b86bd/workspace/open/src/hotspot/share/interp
Event: 0.707 Thread 0x00007f890a006000 Exception <a 'java/lang/NoSuchMethodError'{0x0000000787c395f0}: 'java.lang.Object java.lang.invoke.DirectMethodHandle$Holder.invokeStatic(java.lang.Object, int, java.lang.Object, java.lang.Object, java.lang.Object)'> (0x0000000787c395f0) 
thrown [/scratch/mesos/slaves/fcf4c0c4-d73e-4321-860c-6613427db92b-S2452/frameworks/1735e8a2-a1db-478c-8104-60c8b0af87dd-0196/executors/ab12d1f8-defd-4a26-b83a-82b67c14bc8d/runs/ad8904cf-d9a8-428f-8f86-4d88be7b86bd/workspace/open/src/hotspot/share/interpreter/linkResolver
Event: 0.707 Thread 0x00007f890a006000 Exception <a 'java/lang/NoSuchMethodError'{0x0000000787c3ce58}: 'java.lang.Object java.lang.invoke.DirectMethodHandle$Holder.invokeSpecial(java.lang.Object, java.lang.Object, int, java.lang.Object, java.lang.Object, java.lang.Object)'> (0x0000000787c3ce58) 
thrown [/scratch/mesos/slaves/fcf4c0c4-d73e-4321-860c-6613427db92b-S2452/frameworks/1735e8a2-a1db-478c-8104-60c8b0af87dd-0196/executors/ab12d1f8-defd-4a26-b83a-82b67c14bc8d/runs/ad8904cf-d9a8-428f-8f86-4d88be7b86bd/workspace/open/src/hotspot/share/inter
Event: 0.710 Thread 0x00007f890a006000 Exception <a 'java/lang/NoSuchMethodError'{0x0000000787c533b0}: 'java.lang.Object java.lang.invoke.DirectMethodHandle$Holder.invokeStatic(java.lang.Object, int, java.lang.Object)'> (0x0000000787c533b0) 
thrown [/scratch/mesos/slaves/fcf4c0c4-d73e-4321-860c-6613427db92b-S2452/frameworks/1735e8a2-a1db-478c-8104-60c8b0af87dd-0196/executors/ab12d1f8-defd-4a26-b83a-82b67c14bc8d/runs/ad8904cf-d9a8-428f-8f86-4d88be7b86bd/workspace/open/src/hotspot/share/interpreter/linkResolver.cpp, line 767]
Event: 0.717 Thread 0x00007f890a006000 Exception <a 'java/lang/ClassNotFoundException'{0x0000000787c7fbc0}: com/apple/laf/resources/spi/aquaProvider> (0x0000000787c7fbc0) 
thrown [/scratch/mesos/slaves/fcf4c0c4-d73e-4321-860c-6613427db92b-S2452/frameworks/1735e8a2-a1db-478c-8104-60c8b0af87dd-0196/executors/ab12d1f8-defd-4a26-b83a-82b67c14bc8d/runs/ad8904cf-d9a8-428f-8f86-4d88be7b86bd/workspace/open/src/hotspot/share/classfile/systemDictionary.cpp, line 232]
Event: 0.740 Thread 0x00007f890a006000 Exception <a 'java/lang/ClassNotFoundException'{0x0000000787ce3470}: com/sun/swing/internal/plaf/basic/resources/spi/basicProvider> (0x0000000787ce3470) 
thrown [/scratch/mesos/slaves/fcf4c0c4-d73e-4321-860c-6613427db92b-S2452/frameworks/1735e8a2-a1db-478c-8104-60c8b0af87dd-0196/executors/ab12d1f8-defd-4a26-b83a-82b67c14bc8d/runs/ad8904cf-d9a8-428f-8f86-4d88be7b86bd/workspace/open/src/hotspot/share/classfile/systemDictionary.cpp, line 232]
Event: 0.765 Thread 0x00007f890a006000 Exception <a 'java/lang/NoSuchMethodError'{0x0000000787b149a8}: 'java.lang.Object java.lang.invoke.Invokers$Holder.linkToTargetMethod(java.lang.Object, java.lang.Object, int, java.lang.Object, java.lang.Object)'> (0x0000000787b149a8) 
thrown [/scratch/mesos/slaves/fcf4c0c4-d73e-4321-860c-6613427db92b-S2452/frameworks/1735e8a2-a1db-478c-8104-60c8b0af87dd-0196/executors/ab12d1f8-defd-4a26-b83a-82b67c14bc8d/runs/ad8904cf-d9a8-428f-8f86-4d88be7b86bd/workspace/open/src/hotspot/share/interpreter/linkResolver.cpp
Event: 0.792 Thread 0x00007f890a006000 Exception <a 'java/lang/NoSuchMethodError'{0x0000000787b180e8}: 'void java.lang.invoke.DirectMethodHandle$Holder.invokeStatic(java.lang.Object, int, long)'> (0x0000000787b180e8) 
thrown [/scratch/mesos/slaves/fcf4c0c4-d73e-4321-860c-6613427db92b-S2452/frameworks/1735e8a2-a1db-478c-8104-60c8b0af87dd-0196/executors/ab12d1f8-defd-4a26-b83a-82b67c14bc8d/runs/ad8904cf-d9a8-428f-8f86-4d88be7b86bd/workspace/open/src/hotspot/share/interpreter/linkResolver.cpp, line 767]
Event: 0.794 Thread 0x00007f890a006000 Exception <a 'java/lang/NoSuchMethodError'{0x0000000787b1f3e8}: 'void java.lang.invoke.DirectMethodHandle$Holder.invokeSpecial(java.lang.Object, java.lang.Object)'> (0x0000000787b1f3e8) 
thrown [/scratch/mesos/slaves/fcf4c0c4-d73e-4321-860c-6613427db92b-S2452/frameworks/1735e8a2-a1db-478c-8104-60c8b0af87dd-0196/executors/ab12d1f8-defd-4a26-b83a-82b67c14bc8d/runs/ad8904cf-d9a8-428f-8f86-4d88be7b86bd/workspace/open/src/hotspot/share/interpreter/linkResolver.cpp, line 767]
Event: 0.799 Thread 0x00007f890a9d9800 Exception <a 'java/lang/NoSuchMethodError'{0x0000000787b4a760}: 'void java.lang.invoke.DirectMethodHandle$Holder.invokeStatic(java.lang.Object, long)'> (0x0000000787b4a760) 
thrown [/scratch/mesos/slaves/fcf4c0c4-d73e-4321-860c-6613427db92b-S2452/frameworks/1735e8a2-a1db-478c-8104-60c8b0af87dd-0196/executors/ab12d1f8-defd-4a26-b83a-82b67c14bc8d/runs/ad8904cf-d9a8-428f-8f86-4d88be7b86bd/workspace/open/src/hotspot/share/interpreter/linkResolver.cpp, line 767]
Event: 0.801 Thread 0x00007f890a006000 Exception <a 'java/lang/NoSuchMethodError'{0x0000000787b2ff90}: 'java.lang.Object java.lang.invoke.Invokers$Holder.linkToTargetMethod(int, int, int, int, java.lang.Object)'> (0x0000000787b2ff90) 
thrown [/scratch/mesos/slaves/fcf4c0c4-d73e-4321-860c-6613427db92b-S2452/frameworks/1735e8a2-a1db-478c-8104-60c8b0af87dd-0196/executors/ab12d1f8-defd-4a26-b83a-82b67c14bc8d/runs/ad8904cf-d9a8-428f-8f86-4d88be7b86bd/workspace/open/src/hotspot/share/interpreter/linkResolver.cpp, line 767]
Event: 0.802 Thread 0x00007f890a006000 Exception <a 'java/lang/NoSuchMethodError'{0x0000000787b32b70}: 'void java.lang.invoke.DirectMethodHandle$Holder.invokeStatic(java.lang.Object, java.lang.Object, long)'> (0x0000000787b32b70) 
thrown [/scratch/mesos/slaves/fcf4c0c4-d73e-4321-860c-6613427db92b-S2452/frameworks/1735e8a2-a1db-478c-8104-60c8b0af87dd-0196/executors/ab12d1f8-defd-4a26-b83a-82b67c14bc8d/runs/ad8904cf-d9a8-428f-8f86-4d88be7b86bd/workspace/open/src/hotspot/share/interpreter/linkResolver.cpp, line 767]
Event: 0.802 Thread 0x00007f890a8fb000 Exception <a 'java/lang/NoSuchMethodError'{0x0000000787dc02b8}: 'void java.lang.invoke.DirectMethodHandle$Holder.invokeStatic(java.lang.Object, java.lang.Object, long)'> (0x0000000787dc02b8) 
thrown [/scratch/mesos/slaves/fcf4c0c4-d73e-4321-860c-6613427db92b-S2452/frameworks/1735e8a2-a1db-478c-8104-60c8b0af87dd-0196/executors/ab12d1f8-defd-4a26-b83a-82b67c14bc8d/runs/ad8904cf-d9a8-428f-8f86-4d88be7b86bd/workspace/open/src/hotspot/share/interpreter/linkResolver.cpp, line 767]
Event: 0.814 Thread 0x00007f890a8fb000 Exception <a 'java/lang/NoSuchMethodError'{0x0000000787b93e38}: 'void java.lang.invoke.DirectMethodHandle$Holder.invokeSpecial(java.lang.Object, java.lang.Object, long)'> (0x0000000787b93e38) 
thrown [/scratch/mesos/slaves/fcf4c0c4-d73e-4321-860c-6613427db92b-S2452/frameworks/1735e8a2-a1db-478c-8104-60c8b0af87dd-0196/executors/ab12d1f8-defd-4a26-b83a-82b67c14bc8d/runs/ad8904cf-d9a8-428f-8f86-4d88be7b86bd/workspace/open/src/hotspot/share/interpreter/linkResolver.cpp, line 767]
Event: 0.878 Thread 0x00007f890a006000 Exception <a 'java/lang/NoSuchMethodError'{0x0000000787bd9a28}: 'void java.lang.invoke.DirectMethodHandle$Holder.invokeStatic(java.lang.Object, long, long)'> (0x0000000787bd9a28) 
thrown [/scratch/mesos/slaves/fcf4c0c4-d73e-4321-860c-6613427db92b-S2452/frameworks/1735e8a2-a1db-478c-8104-60c8b0af87dd-0196/executors/ab12d1f8-defd-4a26-b83a-82b67c14bc8d/runs/ad8904cf-d9a8-428f-8f86-4d88be7b86bd/workspace/open/src/hotspot/share/interpreter/linkResolver.cpp, line 767]
Event: 0.889 Thread 0x00007f890a006000 Exception <a 'java/lang/NoSuchMethodError'{0x0000000787be4cf8}: 'java.lang.Object java.lang.invoke.Invokers$Holder.linkToTargetMethod(java.lang.Object, int, java.lang.Object)'> (0x0000000787be4cf8) 
thrown [/scratch/mesos/slaves/fcf4c0c4-d73e-4321-860c-6613427db92b-S2452/frameworks/1735e8a2-a1db-478c-8104-60c8b0af87dd-0196/executors/ab12d1f8-defd-4a26-b83a-82b67c14bc8d/runs/ad8904cf-d9a8-428f-8f86-4d88be7b86bd/workspace/open/src/hotspot/share/interpreter/linkResolver.cpp, line 767]
Event: 126.344 Thread 0x00007f890a081800 Exception <a 'java/lang/NullPointerException'{0x0000000787f00800}> (0x0000000787f00800) 
thrown [/scratch/mesos/slaves/fcf4c0c4-d73e-4321-860c-6613427db92b-S2452/frameworks/1735e8a2-a1db-478c-8104-60c8b0af87dd-0196/executors/ab12d1f8-defd-4a26-b83a-82b67c14bc8d/runs/ad8904cf-d9a8-428f-8f86-4d88be7b86bd/workspace/open/src/hotspot/share/interpreter/linkResolver.cpp, line 1349]

Events (20 events):
Event: 44.828 loading class java/awt/image/BufferedImage
Event: 44.829 loading class java/awt/image/WritableRenderedImage
Event: 44.829 loading class java/awt/image/RenderedImage
Event: 44.829 loading class java/awt/image/RenderedImage done
Event: 44.829 loading class java/awt/image/WritableRenderedImage done
Event: 44.829 loading class java/awt/image/BufferedImage done
Event: 44.829 loading class java/awt/image/BufferedImage$1
Event: 44.829 loading class java/awt/image/BufferedImage$1 done
Event: 44.829 loading class sun/awt/image/BufImgSurfaceData
Event: 44.830 loading class sun/awt/image/BufImgSurfaceData done
Event: 44.830 loading class sun/awt/image/BufImgSurfaceData$ICMColorData
Event: 44.830 loading class sun/awt/image/BufImgSurfaceData$ICMColorData done
Event: 44.830 loading class sun/java2d/loops/RenderLoops
Event: 44.830 loading class sun/java2d/loops/RenderLoops done
Event: 53.199 Loaded shared library /Library/Java/JavaVirtualMachines/jdk-13.0.1.jdk/Contents/Home/lib/libawt_lwawt.dylib
Event: 53.200 Loaded shared library /Library/Java/JavaVirtualMachines/jdk-13.0.1.jdk/Contents/Home/lib/libawt_lwawt.dylib
Event: 53.201 Loaded shared library /Library/Java/JavaVirtualMachines/jdk-13.0.1.jdk/Contents/Home/lib/libawt_lwawt.dylib
Event: 53.202 Loaded shared library /Library/Java/JavaVirtualMachines/jdk-13.0.1.jdk/Contents/Home/lib/libawt_lwawt.dylib
Event: 126.332 Executing VM operation: G1CollectForAllocation
Event: 126.344 Executing VM operation: G1CollectForAllocation done


Dynamic libraries:
0x00007fff6b3fd000 	/usr/lib/libz.1.dylib
0x0000000109182000 	/Library/Java/JavaVirtualMachines/jdk-13.0.1.jdk/Contents/Home/lib/libjli.dylib
0x00007fff33a02000 	/System/Library/Frameworks/Cocoa.framework/Versions/A/Cocoa
0x00007fff40fd0000 	/System/Library/Frameworks/Security.framework/Versions/A/Security
0x00007fff3298c000 	/System/Library/Frameworks/ApplicationServices.framework/Versions/A/ApplicationServices
0x00007fff68ecc000 	/usr/lib/libSystem.B.dylib
0x00007fff6be73000 	/usr/lib/system/libcache.dylib
0x00007fff6be79000 	/usr/lib/system/libcommonCrypto.dylib
0x00007fff6be85000 	/usr/lib/system/libcompiler_rt.dylib
0x00007fff6be8d000 	/usr/lib/system/libcopyfile.dylib
0x00007fff6be97000 	/usr/lib/system/libcorecrypto.dylib
0x00007fff6c045000 	/usr/lib/system/libdispatch.dylib
0x00007fff6c087000 	/usr/lib/system/libdyld.dylib
0x00007fff6c0bd000 	/usr/lib/system/libkeymgr.dylib
0x00007fff6c0cb000 	/usr/lib/system/liblaunch.dylib
0x00007fff6c0cc000 	/usr/lib/system/libmacho.dylib
0x00007fff6c0d2000 	/usr/lib/system/libquarantine.dylib
0x00007fff6c0d5000 	/usr/lib/system/libremovefile.dylib
0x00007fff6c0d7000 	/usr/lib/system/libsystem_asl.dylib
0x00007fff6c0ef000 	/usr/lib/system/libsystem_blocks.dylib
0x00007fff6c0f0000 	/usr/lib/system/libsystem_c.dylib
0x00007fff6c178000 	/usr/lib/system/libsystem_configuration.dylib
0x00007fff6c17c000 	/usr/lib/system/libsystem_coreservices.dylib
0x00007fff6c180000 	/usr/lib/system/libsystem_darwin.dylib
0x00007fff6c189000 	/usr/lib/system/libsystem_dnssd.dylib
0x00007fff6c191000 	/usr/lib/system/libsystem_featureflags.dylib
0x00007fff6c193000 	/usr/lib/system/libsystem_info.dylib
0x00007fff6c20e000 	/usr/lib/system/libsystem_m.dylib
0x00007fff6c256000 	/usr/lib/system/libsystem_malloc.dylib
0x00007fff6c27e000 	/usr/lib/system/libsystem_networkextension.dylib
0x00007fff6c28c000 	/usr/lib/system/libsystem_notify.dylib
0x00007fff6c2ab000 	/usr/lib/system/libsystem_sandbox.dylib
0x00007fff6c2b0000 	/usr/lib/system/libsystem_secinit.dylib
0x00007fff6c1e1000 	/usr/lib/system/libsystem_kernel.dylib
0x00007fff6c296000 	/usr/lib/system/libsystem_platform.dylib
0x00007fff6c2a0000 	/usr/lib/system/libsystem_pthread.dylib
0x00007fff6c2b3000 	/usr/lib/system/libsystem_symptoms.dylib
0x00007fff6c2bb000 	/usr/lib/system/libsystem_trace.dylib
0x00007fff6c2d3000 	/usr/lib/system/libunwind.dylib
0x00007fff6c2d9000 	/usr/lib/system/libxpc.dylib
0x00007fff6ad21000 	/usr/lib/libobjc.A.dylib
0x00007fff69206000 	/usr/lib/libc++abi.dylib
0x00007fff691b2000 	/usr/lib/libc++.1.dylib
0x00007fff34979000 	/System/Library/Frameworks/CoreFoundation.framework/Versions/A/CoreFoundation
0x00007fff3703e000 	/System/Library/Frameworks/Foundation.framework/Versions/C/Foundation
0x00007fff31b81000 	/System/Library/Frameworks/AppKit.framework/Versions/C/AppKit
0x00007fff34485000 	/System/Library/Frameworks/CoreData.framework/Versions/A/CoreData
0x00007fff65774000 	/System/Library/PrivateFrameworks/UIFoundation.framework/Versions/A/UIFoundation
0x00007fff5ff50000 	/System/Library/PrivateFrameworks/RemoteViewServices.framework/Versions/A/RemoteViewServices
0x00007fff68207000 	/System/Library/PrivateFrameworks/XCTTargetBootstrap.framework/Versions/A/XCTTargetBootstrap
0x00007fff34868000 	/System/Library/Frameworks/CoreDisplay.framework/Versions/A/CoreDisplay
0x00007fff39db6000 	/System/Library/Frameworks/Metal.framework/Versions/A/Metal
0x00007fff4e356000 	/System/Library/PrivateFrameworks/DesktopServicesPriv.framework/Versions/A/DesktopServicesPriv
0x00007fff6a002000 	/usr/lib/liblangid.dylib
0x00007fff4d4a2000 	/System/Library/PrivateFrameworks/CoreSVG.framework/Versions/A/CoreSVG
0x00007fff62d17000 	/System/Library/PrivateFrameworks/SkyLight.framework/Versions/A/SkyLight
0x00007fff34dfb000 	/System/Library/Frameworks/CoreGraphics.framework/Versions/A/CoreGraphics
0x00007fff30720000 	/System/Library/Frameworks/Accelerate.framework/Versions/A/Accelerate
0x00007fff6b2ee000 	/usr/lib/libxml2.2.dylib
0x00007fff5907a000 	/System/Library/PrivateFrameworks/IconServices.framework/Versions/A/IconServices
0x00007fff37823000 	/System/Library/Frameworks/IOSurface.framework/Versions/A/IOSurface
0x00007fff68a04000 	/usr/lib/libDiagnosticMessagesClient.dylib
0x00007fff4e1cf000 	/System/Library/PrivateFrameworks/DFRFoundation.framework/Versions/A/DFRFoundation
0x00007fff69d90000 	/usr/lib/libicucore.A.dylib
0x00007fff32cbe000 	/System/Library/Frameworks/AudioToolbox.framework/Versions/A/AudioToolbox
0x00007fff32da0000 	/System/Library/Frameworks/AudioUnit.framework/Versions/A/AudioUnit
0x00007fff690cd000 	/usr/lib/libauto.dylib
0x00007fff4e250000 	/System/Library/PrivateFrameworks/DataDetectorsCore.framework/Versions/A/DataDetectorsCore
0x00007fff33522000 	/System/Library/Frameworks/Carbon.framework/Versions/A/Frameworks/HIToolbox.framework/Versions/A/HIToolbox
0x00007fff40201000 	/System/Library/Frameworks/QuartzCore.framework/Versions/A/QuartzCore
0x00007fff33861000 	/System/Library/Frameworks/Carbon.framework/Versions/A/Frameworks/SpeechRecognition.framework/Versions/A/SpeechRecognition
0x00007fff4db55000 	/System/Library/PrivateFrameworks/CoreUI.framework/Versions/A/CoreUI
0x00007fff33eeb000 	/System/Library/Frameworks/CoreAudio.framework/Versions/A/CoreAudio
0x00007fff36d06000 	/System/Library/Frameworks/DiskArbitration.framework/Versions/A/DiskArbitration
0x00007fff5b08f000 	/System/Library/PrivateFrameworks/MultitouchSupport.framework/Versions/A/MultitouchSupport
0x00007fff69c56000 	/usr/lib/libenergytrace.dylib
0x00007fff3777e000 	/System/Library/Frameworks/IOKit.framework/Versions/A/IOKit
0x00007fff35d69000 	/System/Library/Frameworks/CoreServices.framework/Versions/A/CoreServices
0x00007fff5d19c000 	/System/Library/PrivateFrameworks/PerformanceAnalysis.framework/Versions/A/PerformanceAnalysis
0x00007fff3f237000 	/System/Library/Frameworks/OpenGL.framework/Versions/A/OpenGL
0x00007fff33a10000 	/System/Library/Frameworks/ColorSync.framework/Versions/A/ColorSync
0x00007fff35482000 	/System/Library/Frameworks/CoreImage.framework/Versions/A/CoreImage
0x00007fff367df000 	/System/Library/Frameworks/CoreText.framework/Versions/A/CoreText
0x00007fff378a9000 	/System/Library/Frameworks/ImageIO.framework/Versions/A/ImageIO
0x00007fff6922e000 	/usr/lib/libcompression.dylib
0x00007fff68d46000 	/usr/lib/libMobileGestalt.dylib
0x00007fff64856000 	/System/Library/PrivateFrameworks/TextureIO.framework/Versions/A/TextureIO
0x00007fff69033000 	/usr/lib/libate.dylib
0x00007fff59283000 	/System/Library/PrivateFrameworks/InternationalSupport.framework/Versions/A/InternationalSupport
0x00007fff6a004000 	/usr/lib/liblzma.5.dylib
0x00007fff69c7e000 	/usr/lib/libfakelink.dylib
0x00007fff68fc0000 	/usr/lib/libarchive.2.dylib
0x00007fff42172000 	/System/Library/Frameworks/SystemConfiguration.framework/Versions/A/SystemConfiguration
0x00007fff68935000 	/usr/lib/libCRFSuite.dylib
0x00007fff33116000 	/System/Library/Frameworks/CFNetwork.framework/Versions/A/CFNetwork
0x00007fff69194000 	/usr/lib/libbsm.0.dylib
0x00007fff6c0be000 	/usr/lib/system/libkxld.dylib
0x00007fff47c86000 	/System/Library/PrivateFrameworks/AppleFSCompression.framework/Versions/A/AppleFSCompression
0x00007fff69515000 	/usr/lib/libcoretls.dylib
0x00007fff6952c000 	/usr/lib/libcoretls_cfhelpers.dylib
0x00007fff6ad65000 	/usr/lib/libpam.2.dylib
0x00007fff6ae98000 	/usr/lib/libsqlite3.dylib
0x00007fff6b2db000 	/usr/lib/libxar.1.dylib
0x00007fff691a5000 	/usr/lib/libbz2.1.0.dylib
0x00007fff69c9f000 	/usr/lib/libiconv.2.dylib
0x00007fff6921b000 	/usr/lib/libcharset.1.dylib
0x00007fff6a80c000 	/usr/lib/libnetwork.dylib
0x00007fff6ad6c000 	/usr/lib/libpcap.A.dylib
0x00007fff68f75000 	/usr/lib/libapple_nghttp2.dylib
0x00007fff36120000 	/System/Library/Frameworks/CoreServices.framework/Versions/A/Frameworks/FSEvents.framework/Versions/A/FSEvents
0x00007fff35df0000 	/System/Library/Frameworks/CoreServices.framework/Versions/A/Frameworks/CarbonCore.framework/Versions/A/CarbonCore
0x00007fff36363000 	/System/Library/Frameworks/CoreServices.framework/Versions/A/Frameworks/Metadata.framework/Versions/A/Metadata
0x00007fff363fc000 	/System/Library/Frameworks/CoreServices.framework/Versions/A/Frameworks/OSServices.framework/Versions/A/OSServices
0x00007fff3642a000 	/System/Library/Frameworks/CoreServices.framework/Versions/A/Frameworks/SearchKit.framework/Versions/A/SearchKit
0x00007fff35d6a000 	/System/Library/Frameworks/CoreServices.framework/Versions/A/Frameworks/AE.framework/Versions/A/AE
0x00007fff36129000 	/System/Library/Frameworks/CoreServices.framework/Versions/A/Frameworks/LaunchServices.framework/Versions/A/LaunchServices
0x00007fff360d2000 	/System/Library/Frameworks/CoreServices.framework/Versions/A/Frameworks/DictionaryServices.framework/Versions/A/DictionaryServices
0x00007fff36492000 	/System/Library/Frameworks/CoreServices.framework/Versions/A/Frameworks/SharedFileList.framework/Versions/A/SharedFileList
0x00007fff3b08b000 	/System/Library/Frameworks/NetFS.framework/Versions/A/NetFS
0x00007fff5b5bf000 	/System/Library/PrivateFrameworks/NetAuth.framework/Versions/A/NetAuth
0x00007fff685d2000 	/System/Library/PrivateFrameworks/login.framework/Versions/A/Frameworks/loginsupport.framework/Versions/A/loginsupport
0x00007fff64351000 	/System/Library/PrivateFrameworks/TCC.framework/Versions/A/TCC
0x00007fff4c871000 	/System/Library/PrivateFrameworks/CoreNLP.framework/Versions/A/CoreNLP
0x00007fff5aabf000 	/System/Library/PrivateFrameworks/MetadataUtilities.framework/Versions/A/MetadataUtilities
0x00007fff6a0dc000 	/usr/lib/libmecabra.dylib
0x00007fff6a034000 	/usr/lib/libmecab.dylib
0x00007fff69c8f000 	/usr/lib/libgermantok.dylib
0x00007fff68f5c000 	/usr/lib/libThaiTokenizer.dylib
0x00007fff6896d000 	/usr/lib/libChineseTokenizer.dylib
0x00007fff30738000 	/System/Library/Frameworks/Accelerate.framework/Versions/A/Frameworks/vImage.framework/Versions/A/vImage
0x00007fff319db000 	/System/Library/Frameworks/Accelerate.framework/Versions/A/Frameworks/vecLib.framework/Versions/A/vecLib
0x00007fff3191f000 	/System/Library/Frameworks/Accelerate.framework/Versions/A/Frameworks/vecLib.framework/Versions/A/libvMisc.dylib
0x00007fff31745000 	/System/Library/Frameworks/Accelerate.framework/Versions/A/Frameworks/vecLib.framework/Versions/A/libvDSP.dylib
0x00007fff30da4000 	/System/Library/Frameworks/Accelerate.framework/Versions/A/Frameworks/vecLib.framework/Versions/A/libBLAS.dylib
0x00007fff312ff000 	/System/Library/Frameworks/Accelerate.framework/Versions/A/Frameworks/vecLib.framework/Versions/A/libLAPACK.dylib
0x00007fff316a5000 	/System/Library/Frameworks/Accelerate.framework/Versions/A/Frameworks/vecLib.framework/Versions/A/libLinearAlgebra.dylib
0x00007fff31732000 	/System/Library/Frameworks/Accelerate.framework/Versions/A/Frameworks/vecLib.framework/Versions/A/libSparseBLAS.dylib
0x00007fff316bb000 	/System/Library/Frameworks/Accelerate.framework/Versions/A/Frameworks/vecLib.framework/Versions/A/libQuadrature.dylib
0x00007fff3100e000 	/System/Library/Frameworks/Accelerate.framework/Versions/A/Frameworks/vecLib.framework/Versions/A/libBNNS.dylib
0x00007fff316c1000 	/System/Library/Frameworks/Accelerate.framework/Versions/A/Frameworks/vecLib.framework/Versions/A/libSparse.dylib
0x00007fff59642000 	/System/Library/PrivateFrameworks/LanguageModeling.framework/Versions/A/LanguageModeling
0x00007fff4c20d000 	/System/Library/PrivateFrameworks/CoreEmoji.framework/Versions/A/CoreEmoji
0x00007fff59760000 	/System/Library/PrivateFrameworks/LinguisticData.framework/Versions/A/LinguisticData
0x00007fff59711000 	/System/Library/PrivateFrameworks/Lexicon.framework/Versions/A/Lexicon
0x00007fff6921c000 	/usr/lib/libcmph.dylib
0x00007fff3dc5d000 	/System/Library/Frameworks/OpenDirectory.framework/Versions/A/Frameworks/CFOpenDirectory.framework/Versions/A/CFOpenDirectory
0x00007fff3dc7a000 	/System/Library/Frameworks/OpenDirectory.framework/Versions/A/OpenDirectory
0x00007fff45f47000 	/System/Library/PrivateFrameworks/APFS.framework/Versions/A/APFS
0x00007fff41323000 	/System/Library/Frameworks/SecurityFoundation.framework/Versions/A/SecurityFoundation
0x00007fff6b2d7000 	/usr/lib/libutil.dylib
0x00007fff4d4fa000 	/System/Library/PrivateFrameworks/CoreServicesStore.framework/Versions/A/CoreServicesStore
0x00007fff413db000 	/System/Library/Frameworks/ServiceManagement.framework/Versions/A/ServiceManagement
0x00007fff4943d000 	/System/Library/PrivateFrameworks/BackgroundTaskManagement.framework/Versions/A/BackgroundTaskManagement
0x00007fff6b3d4000 	/usr/lib/libxslt.1.dylib
0x00007fff482eb000 	/System/Library/PrivateFrameworks/AppleSystemInfo.framework/Versions/A/AppleSystemInfo
0x00007fff37ac6000 	/System/Library/Frameworks/ImageIO.framework/Versions/A/Resources/libJPEG.dylib
0x00007fff37d85000 	/System/Library/Frameworks/ImageIO.framework/Versions/A/Resources/libTIFF.dylib
0x00007fff37d68000 	/System/Library/Frameworks/ImageIO.framework/Versions/A/Resources/libPng.dylib
0x00007fff37a07000 	/System/Library/Frameworks/ImageIO.framework/Versions/A/Resources/libGIF.dylib
0x00007fff37a0b000 	/System/Library/Frameworks/ImageIO.framework/Versions/A/Resources/libJP2.dylib
0x00007fff37d83000 	/System/Library/Frameworks/ImageIO.framework/Versions/A/Resources/libRadiance.dylib
0x00007fff69c57000 	/usr/lib/libexpat.1.dylib
0x00007fff47de1000 	/System/Library/PrivateFrameworks/AppleJPEG.framework/Versions/A/AppleJPEG
0x00007fff50774000 	/System/Library/PrivateFrameworks/FontServices.framework/libFontParser.dylib
0x00007fff67629000 	/System/Library/PrivateFrameworks/WatchdogClient.framework/Versions/A/WatchdogClient
0x00007fff58ccf000 	/System/Library/PrivateFrameworks/IOAccelerator.framework/Versions/A/IOAccelerator
0x00007fff3a144000 	/System/Library/Frameworks/MetalPerformanceShaders.framework/Versions/A/MetalPerformanceShaders
0x00007fff554c2000 	/System/Library/PrivateFrameworks/GPUWrangler.framework/Versions/A/GPUWrangler
0x00007fff58cda000 	/System/Library/PrivateFrameworks/IOPresentment.framework/Versions/A/IOPresentment
0x00007fff4e1e2000 	/System/Library/PrivateFrameworks/DSExternalDisplay.framework/Versions/A/DSExternalDisplay
0x00007fff3e5e3000 	/System/Library/Frameworks/OpenGL.framework/Versions/A/Libraries/libCoreFSCache.dylib
0x00007fff39e96000 	/System/Library/Frameworks/MetalPerformanceShaders.framework/Frameworks/MPSCore.framework/Versions/A/MPSCore
0x00007fff39ed3000 	/System/Library/Frameworks/MetalPerformanceShaders.framework/Frameworks/MPSImage.framework/Versions/A/MPSImage
0x00007fff39f95000 	/System/Library/Frameworks/MetalPerformanceShaders.framework/Frameworks/MPSNeuralNetwork.framework/Versions/A/MPSNeuralNetwork
0x00007fff39f5a000 	/System/Library/Frameworks/MetalPerformanceShaders.framework/Frameworks/MPSMatrix.framework/Versions/A/MPSMatrix
0x00007fff3a0f5000 	/System/Library/Frameworks/MetalPerformanceShaders.framework/Frameworks/MPSRayIntersector.framework/Versions/A/MPSRayIntersector
0x00007fff39f7f000 	/System/Library/Frameworks/MetalPerformanceShaders.framework/Frameworks/MPSNDArray.framework/Versions/A/MPSNDArray
0x00007fff5ab0c000 	/System/Library/PrivateFrameworks/MetalTools.framework/Versions/A/MetalTools
0x00007fff4710c000 	/System/Library/PrivateFrameworks/AggregateDictionary.framework/Versions/A/AggregateDictionary
0x00007fff4bc97000 	/System/Library/PrivateFrameworks/CoreAnalytics.framework/Versions/A/CoreAnalytics
0x00007fff48209000 	/System/Library/PrivateFrameworks/AppleSauce.framework/Versions/A/AppleSauce
0x00007fff68c29000 	/usr/lib/libIOReport.dylib
0x00007fff36994000 	/System/Library/Frameworks/CoreVideo.framework/Versions/A/CoreVideo
0x00007fff56930000 	/System/Library/PrivateFrameworks/GraphVisualizer.framework/Versions/A/GraphVisualizer
0x00007fff4fcf5000 	/System/Library/PrivateFrameworks/FaceCore.framework/Versions/A/FaceCore
0x00007fff3dc04000 	/System/Library/Frameworks/OpenCL.framework/Versions/A/OpenCL
0x00007fff68a4b000 	/usr/lib/libFosl_dynamic.dylib
0x00007fff5bfba000 	/System/Library/PrivateFrameworks/OTSVG.framework/Versions/A/OTSVG
0x00007fff32a91000 	/System/Library/Frameworks/ApplicationServices.framework/Versions/A/Frameworks/ATS.framework/Versions/A/Resources/libFontRegistry.dylib
0x00007fff50945000 	/System/Library/PrivateFrameworks/FontServices.framework/libhvf.dylib
0x00007fff3e5ee000 	/System/Library/Frameworks/OpenGL.framework/Versions/A/Libraries/libGFXShared.dylib
0x00007fff3e7cb000 	/System/Library/Frameworks/OpenGL.framework/Versions/A/Libraries/libGLU.dylib
0x00007fff3e5f7000 	/System/Library/Frameworks/OpenGL.framework/Versions/A/Libraries/libGL.dylib
0x00007fff3e602000 	/System/Library/Frameworks/OpenGL.framework/Versions/A/Libraries/libGLImage.dylib
0x00007fff3e5e0000 	/System/Library/Frameworks/OpenGL.framework/Versions/A/Libraries/libCVMSPluginSupport.dylib
0x00007fff3e5e9000 	/System/Library/Frameworks/OpenGL.framework/Versions/A/Libraries/libCoreVMClient.dylib
0x00007fff6a6ae000 	/usr/lib/libncurses.5.4.dylib
0x00007fff3298d000 	/System/Library/Frameworks/ApplicationServices.framework/Versions/A/Frameworks/ATS.framework/Versions/A/ATS
0x00007fff32b5a000 	/System/Library/Frameworks/ApplicationServices.framework/Versions/A/Frameworks/ColorSyncLegacy.framework/Versions/A/ColorSyncLegacy
0x00007fff32bf9000 	/System/Library/Frameworks/ApplicationServices.framework/Versions/A/Frameworks/HIServices.framework/Versions/A/HIServices
0x00007fff32c50000 	/System/Library/Frameworks/ApplicationServices.framework/Versions/A/Frameworks/LangAnalysis.framework/Versions/A/LangAnalysis
0x00007fff32c5f000 	/System/Library/Frameworks/ApplicationServices.framework/Versions/A/Frameworks/PrintCore.framework/Versions/A/PrintCore
0x00007fff32ca5000 	/System/Library/Frameworks/ApplicationServices.framework/Versions/A/Frameworks/QD.framework/Versions/A/QD
0x00007fff32cb0000 	/System/Library/Frameworks/ApplicationServices.framework/Versions/A/Frameworks/SpeechSynthesis.framework/Versions/A/SpeechSynthesis
0x00007fff32b2a000 	/System/Library/Frameworks/ApplicationServices.framework/Versions/A/Frameworks/ATSUI.framework/Versions/A/ATSUI
0x00007fff69aeb000 	/usr/lib/libcups.2.dylib
0x00007fff391f3000 	/System/Library/Frameworks/Kerberos.framework/Versions/A/Kerberos
0x00007fff37473000 	/System/Library/Frameworks/GSS.framework/Versions/A/GSS
0x00007fff6ae24000 	/usr/lib/libresolv.9.dylib
0x00007fff56ad1000 	/System/Library/PrivateFrameworks/Heimdal.framework/Versions/A/Heimdal
0x00007fff39206000 	/System/Library/Frameworks/Kerberos.framework/Versions/A/Libraries/libHeimdalProxy.dylib
0x00007fff69c95000 	/usr/lib/libheimdal-asn1.dylib
0x00007fff4b13d000 	/System/Library/PrivateFrameworks/CommonAuth.framework/Versions/A/CommonAuth
0x00007fff48388000 	/System/Library/PrivateFrameworks/AssertionServices.framework/Versions/A/AssertionServices
0x00007fff48f2b000 	/System/Library/PrivateFrameworks/AudioToolboxCore.framework/Versions/A/AudioToolboxCore
0x00007fff68283000 	/System/Library/PrivateFrameworks/caulk.framework/Versions/A/caulk
0x00007fff494e9000 	/System/Library/PrivateFrameworks/BaseBoard.framework/Versions/A/BaseBoard
0x00007fff600df000 	/System/Library/PrivateFrameworks/RunningBoardServices.framework/Versions/A/RunningBoardServices
0x00007fff5d1a8000 	/System/Library/PrivateFrameworks/PersistentConnection.framework/Versions/A/PersistentConnection
0x00007fff5fb2e000 	/System/Library/PrivateFrameworks/ProtocolBuffer.framework/Versions/A/ProtocolBuffer
0x00007fff4b162000 	/System/Library/PrivateFrameworks/CommonUtilities.framework/Versions/A/CommonUtilities
0x00007fff4966c000 	/System/Library/PrivateFrameworks/Bom.framework/Versions/A/Bom
0x00007fff688f8000 	/usr/lib/libAudioToolboxUtility.dylib
0x00007fff49447000 	/System/Library/PrivateFrameworks/Backup.framework/Versions/A/Backup
0x00007fff4df52000 	/System/Library/PrivateFrameworks/CrashReporterSupport.framework/Versions/A/CrashReporterSupport
0x00007fff61bdb000 	/System/Library/PrivateFrameworks/Sharing.framework/Versions/A/Sharing
0x00007fff47b2c000 	/System/Library/PrivateFrameworks/Apple80211.framework/Versions/A/Apple80211
0x00007fff49169000 	/System/Library/PrivateFrameworks/AuthKit.framework/Versions/A/AuthKit
0x00007fff4dc82000 	/System/Library/PrivateFrameworks/CoreUtils.framework/Versions/A/CoreUtils
0x00007fff369d9000 	/System/Library/Frameworks/CoreWLAN.framework/Versions/A/CoreWLAN
0x00007fff375ff000 	/System/Library/Frameworks/IOBluetooth.framework/Versions/A/IOBluetooth
0x00007fff5ae0a000 	/System/Library/PrivateFrameworks/MobileKeyBag.framework/Versions/A/MobileKeyBag
0x00007fff4cd4d000 	/System/Library/PrivateFrameworks/CorePhoneNumbers.framework/Versions/A/CorePhoneNumbers
0x00007fff47d94000 	/System/Library/PrivateFrameworks/AppleIDAuthSupport.framework/Versions/A/AppleIDAuthSupport
0x00007fff3b098000 	/System/Library/Frameworks/Network.framework/Versions/A/Network
0x00007fff594ca000 	/System/Library/PrivateFrameworks/KeychainCircle.framework/Versions/A/KeychainCircle
0x00007fff3444d000 	/System/Library/Frameworks/CoreBluetooth.framework/Versions/A/CoreBluetooth
0x00007fff63857000 	/System/Library/PrivateFrameworks/SpeechRecognitionCore.framework/Versions/A/SpeechRecognitionCore
0x0000000109a00000 	/Library/Java/JavaVirtualMachines/jdk-13.0.1.jdk/Contents/Home/lib/server/libjvm.dylib
0x000000010919e000 	/Library/Java/JavaVirtualMachines/jdk-13.0.1.jdk/Contents/Home/lib/libverify.dylib
0x00000001091aa000 	/Library/Java/JavaVirtualMachines/jdk-13.0.1.jdk/Contents/Home/lib/libjava.dylib
0x00000001091e7000 	/Library/Java/JavaVirtualMachines/jdk-13.0.1.jdk/Contents/Home/lib/libinstrument.dylib
0x00000001091f9000 	/Library/Java/JavaVirtualMachines/jdk-13.0.1.jdk/Contents/Home/lib/libzip.dylib
0x000000010a852000 	/Library/Java/JavaVirtualMachines/jdk-13.0.1.jdk/Contents/Home/lib/libjimage.dylib
0x00000001108aa000 	/Library/Java/JavaVirtualMachines/jdk-13.0.1.jdk/Contents/Home/lib/libnio.dylib
0x00000001108b8000 	/Library/Java/JavaVirtualMachines/jdk-13.0.1.jdk/Contents/Home/lib/libnet.dylib
0x0000000110953000 	/Library/Java/JavaVirtualMachines/jdk-13.0.1.jdk/Contents/Home/lib/libextnet.dylib
0x0000000110956000 	/Library/Java/JavaVirtualMachines/jdk-13.0.1.jdk/Contents/Home/lib/libawt.dylib
0x00000001109ec000 	/Library/Java/JavaVirtualMachines/jdk-13.0.1.jdk/Contents/Home/lib/libmlib_image.dylib
0x00007fff391dc000 	/System/Library/Frameworks/JavaVM.framework/Versions/A/Frameworks/JavaNativeFoundation.framework/Versions/A/JavaNativeFoundation
0x00007fff391e5000 	/System/Library/Frameworks/JavaVM.framework/Versions/A/Frameworks/JavaRuntimeSupport.framework/Versions/A/JavaRuntimeSupport
0x00007fff391ee000 	/System/Library/Frameworks/JavaVM.framework/Versions/A/JavaVM
0x00007fff5932d000 	/System/Library/PrivateFrameworks/JavaLaunching.framework/Versions/A/JavaLaunching
0x00007fff3351d000 	/System/Library/Frameworks/Carbon.framework/Versions/A/Carbon
0x00007fff4da36000 	/System/Library/PrivateFrameworks/CoreSymbolication.framework/Versions/A/CoreSymbolication
0x00007fff3351e000 	/System/Library/Frameworks/Carbon.framework/Versions/A/Frameworks/CommonPanels.framework/Versions/A/CommonPanels
0x00007fff33817000 	/System/Library/Frameworks/Carbon.framework/Versions/A/Frameworks/Help.framework/Versions/A/Help
0x00007fff3381b000 	/System/Library/Frameworks/Carbon.framework/Versions/A/Frameworks/ImageCapture.framework/Versions/A/ImageCapture
0x00007fff33822000 	/System/Library/Frameworks/Carbon.framework/Versions/A/Frameworks/OpenScripting.framework/Versions/A/OpenScripting
0x00007fff33821000 	/System/Library/Frameworks/Carbon.framework/Versions/A/Frameworks/Ink.framework/Versions/A/Ink
0x00007fff3385d000 	/System/Library/Frameworks/Carbon.framework/Versions/A/Frameworks/Print.framework/Versions/A/Print
0x00007fff3385e000 	/System/Library/Frameworks/Carbon.framework/Versions/A/Frameworks/SecurityHI.framework/Versions/A/SecurityHI
0x00007fff4e317000 	/System/Library/PrivateFrameworks/DebugSymbols.framework/Versions/A/DebugSymbols
0x0000000110a52000 	/Library/Java/JavaVirtualMachines/jdk-13.0.1.jdk/Contents/Home/lib/libawt_lwawt.dylib
0x0000000110afc000 	/Library/Java/JavaVirtualMachines/jdk-13.0.1.jdk/Contents/Home/lib/libosxapp.dylib
0x00007fff36ee1000 	/System/Library/Frameworks/ExceptionHandling.framework/Versions/A/ExceptionHandling
0x0000000110b18000 	/Library/Java/JavaVirtualMachines/jdk-13.0.1.jdk/Contents/Home/lib/libfontmanager.dylib
0x0000000110c16000 	/Library/Java/JavaVirtualMachines/jdk-13.0.1.jdk/Contents/Home/lib/libfreetype.dylib
0x00007fff4d4c6000 	/System/Library/PrivateFrameworks/CoreServicesInternal.framework/Versions/A/CoreServicesInternal
0x00007fff36f00000 	/System/Library/Frameworks/FileProvider.framework/Versions/A/FileProvider
0x00007fff319dc000 	/System/Library/Frameworks/Accounts.framework/Versions/A/Accounts
0x00007fff557e6000 	/System/Library/PrivateFrameworks/GenerationalStorage.framework/Versions/A/GenerationalStorage
0x00007fff64092000 	/System/Library/PrivateFrameworks/SymptomDiagnosticReporter.framework/Versions/A/SymptomDiagnosticReporter
0x00007fff4761d000 	/System/Library/PrivateFrameworks/AppContainer.framework/Versions/A/AppContainer
0x00007fff6ae3e000 	/usr/lib/libsandbox.1.dylib
0x00007fff665c2000 	/System/Library/PrivateFrameworks/UserManagement.framework/Versions/A/UserManagement
0x00007fff4a22e000 	/System/Library/PrivateFrameworks/ChunkingLibrary.framework/Versions/A/ChunkingLibrary
0x00007fff4768f000 	/System/Library/PrivateFrameworks/AppSandbox.framework/Versions/A/AppSandbox
0x00007fff61a65000 	/System/Library/PrivateFrameworks/SecCodeWrapper.framework/Versions/A/SecCodeWrapper
0x00007fff68d0f000 	/usr/lib/libMatch.1.dylib
0x00007fff28ff9000 	/System/Library/CoreServices/RawCamera.bundle/Contents/MacOS/RawCamera
0x00007fff5ac34000 	/System/Library/PrivateFrameworks/MobileAsset.framework/Versions/A/MobileAsset
0x00007fff63f40000 	/System/Library/PrivateFrameworks/StreamingZip.framework/Versions/A/StreamingZip
0x00007fff3966f000 	/System/Library/Frameworks/MediaToolbox.framework/Versions/A/MediaToolbox
0x00007fff4bc46000 	/System/Library/PrivateFrameworks/CoreAVCHD.framework/Versions/A/CoreAVCHD
0x00007fff39599000 	/System/Library/Frameworks/MediaAccessibility.framework/Versions/A/MediaAccessibility
0x00007fff59fff000 	/System/Library/PrivateFrameworks/Mangrove.framework/Versions/A/Mangrove
0x00007fff35ba3000 	/System/Library/Frameworks/CoreMedia.framework/Versions/A/CoreMedia
0x00007fff5a26b000 	/System/Library/PrivateFrameworks/MediaExperience.framework/Versions/A/MediaExperience
0x00007fff42458000 	/System/Library/Frameworks/VideoToolbox.framework/Versions/A/VideoToolbox
0x00007fff4b870000 	/System/Library/PrivateFrameworks/CoreAUC.framework/Versions/A/CoreAUC
0x00007fff6ae96000 	/usr/lib/libspindump.dylib
0x00007fff488d6000 	/System/Library/PrivateFrameworks/AudioResourceArbitration.framework/Versions/A/AudioResourceArbitration
0x00007fff482ef000 	/System/Library/PrivateFrameworks/AppleVA.framework/Versions/A/AppleVA
0x00007fff30721000 	/System/Library/Frameworks/Accelerate.framework/Versions/A/Frameworks/vImage.framework/Versions/A/Libraries/libCGInterfaces.dylib
0x0000000111838000 	/usr/lib/libobjc-trampolines.dylib
0x00007fff508ac000 	/System/Library/PrivateFrameworks/FontServices.framework/libTrueTypeScaler.dylib
0x00007fff2d642000 	/System/Library/Extensions/AppleIntelKBLGraphicsMTLDriver.bundle/Contents/MacOS/AppleIntelKBLGraphicsMTLDriver
0x00007fff53e1a000 	/System/Library/PrivateFrameworks/GPUCompiler.framework/Versions/3902/Libraries/libmetal_timestamp.dylib
0x00007fff67398000 	/System/Library/PrivateFrameworks/ViewBridge.framework/Versions/A/ViewBridge
0x00007fff3f247000 	/System/Library/Frameworks/OpenGL.framework/Versions/A/Resources/GLEngine.bundle/GLEngine
0x00007fff3e638000 	/System/Library/Frameworks/OpenGL.framework/Versions/A/Libraries/libGLProgrammability.dylib
0x00007fff2c819000 	/System/Library/Extensions/AppleIntelKBLGraphicsGLDriver.bundle/Contents/MacOS/AppleIntelKBLGraphicsGLDriver
0x00007fff554b6000 	/System/Library/PrivateFrameworks/GPUSupport.framework/Versions/A/Libraries/libGPUSupportMercury.dylib
0x00007fff3f3c1000 	/System/Library/Frameworks/OpenGL.framework/Versions/A/Resources/GLRendererFloat.bundle/GLRendererFloat
0x00007fff3dbfb000 	/System/Library/Frameworks/OpenCL.framework/Versions/A/Libraries/libcldcpuengine.dylib
0x00007fff696d0000 	/usr/lib/libcrypto.35.dylib
0x00007fff64a9a000 	/System/Library/PrivateFrameworks/TrustEvaluationAgent.framework/Versions/A/TrustEvaluationAgent
0x00007fff685d5000 	/System/Library/PrivateFrameworks/login.framework/Versions/A/login
0x000000012f25a000 	/Library/Java/JavaVirtualMachines/jdk-13.0.1.jdk/Contents/Home/lib/libosxui.dylib
0x00007fff6410d000 	/System/Library/PrivateFrameworks/SystemAdministration.framework/Versions/A/SystemAdministration
0x00007fff4e6bf000 	/System/Library/PrivateFrameworks/DiskManagement.framework/Versions/A/DiskManagement
0x00007fff36c2a000 	/System/Library/Frameworks/DirectoryService.framework/Versions/A/DirectoryService
0x00007fff4e5f6000 	/System/Library/PrivateFrameworks/DiskImages.framework/Versions/A/DiskImages
0x00007fff59808000 	/System/Library/PrivateFrameworks/LoginUIKit.framework/Versions/A/Frameworks/LoginUICore.framework/Versions/A/LoginUICore
0x00007fff68978000 	/usr/lib/libCoreStorage.dylib
0x00007fff69ad8000 	/usr/lib/libcsfde.dylib
0x00007fff6ad53000 	/usr/lib/libodfde.dylib
0x00007fff5a2f6000 	/System/Library/PrivateFrameworks/MediaKit.framework/Versions/A/MediaKit
0x00007fff36c36000 	/System/Library/Frameworks/DiscRecording.framework/Versions/A/DiscRecording
0x00007fff4e86e000 	/System/Library/PrivateFrameworks/EFILogin.framework/Versions/A/EFILogin
0x00007fff5fad3000 	/System/Library/PrivateFrameworks/ProtectedCloudStorage.framework/Versions/A/ProtectedCloudStorage
0x00007fff69b4c000 	/usr/lib/libcurl.4.dylib
0x00007fff699d1000 	/usr/lib/libcrypto.44.dylib
0x00007fff6b179000 	/usr/lib/libssl.46.dylib
0x00007fff39207000 	/System/Library/Frameworks/LDAP.framework/Versions/A/LDAP
0x00007fff6ae83000 	/usr/lib/libsasl2.2.dylib
0x00007fff4bf81000 	/System/Library/PrivateFrameworks/CoreDaemon.framework/Versions/B/CoreDaemon
0x00007fff48204000 	/System/Library/PrivateFrameworks/AppleSRP.framework/Versions/A/AppleSRP


VM Arguments:
jvm_args: -javaagent:/private/var/folders/vk/t1gb16715nn650prxd3dvxnw0000gn/T/AppTranslocation/BD8D861B-5590-4BB5-9377-4E3B19CB8699/d/IntelliJ IDEA CE.app/Contents/lib/idea_rt.jar=58735:/private/var/folders/vk/t1gb16715nn650prxd3dvxnw0000gn/T/AppTranslocation/BD8D861B-5590-4BB5-9377-4E3B19CB8699/d/IntelliJ IDEA CE.app/Contents/bin -Dfile.encoding=UTF-8 
java_command: CLOO.Main
java_class_path (initial): /Users/chrisliu2438/Desktop/myprojects/BounceGame/out/production/BounceGame
Launcher Type: SUN_STANDARD

[Global flags]
     intx CICompilerCount                          = 3                                         {product} {ergonomic}
     uint ConcGCThreads                            = 1                                         {product} {ergonomic}
     uint G1ConcRefinementThreads                  = 4                                         {product} {ergonomic}
   size_t G1HeapRegionSize                         = 1048576                                   {product} {ergonomic}
    uintx GCDrainStackTargetSize                   = 64                                        {product} {ergonomic}
   size_t InitialHeapSize                          = 134217728                                 {product} {ergonomic}
   size_t MarkStackSize                            = 4194304                                   {product} {ergonomic}
   size_t MaxHeapSize                              = 2147483648                                {product} {ergonomic}
   size_t MaxNewSize                               = 1287651328                                {product} {ergonomic}
   size_t MinHeapDeltaBytes                        = 1048576                                   {product} {ergonomic}
   size_t MinHeapSize                              = 8388608                                   {product} {ergonomic}
    uintx NonNMethodCodeHeapSize                   = 5830732                                {pd product} {ergonomic}
    uintx NonProfiledCodeHeapSize                  = 122913754                              {pd product} {ergonomic}
    uintx ProfiledCodeHeapSize                     = 122913754                              {pd product} {ergonomic}
    uintx ReservedCodeCacheSize                    = 251658240                              {pd product} {ergonomic}
     bool SegmentedCodeCache                       = true                                      {product} {ergonomic}
   size_t SoftMaxHeapSize                          = 2147483648                             {manageable} {ergonomic}
     bool UseCompressedClassPointers               = true                                 {lp64_product} {ergonomic}
     bool UseCompressedOops                        = true                                 {lp64_product} {ergonomic}
     bool UseG1GC                                  = true                                      {product} {ergonomic}

Logging:
Log output configuration:
 #0: stdout all=warning uptime,level,tags
 #1: stderr all=off uptime,level,tags

Environment Variables:
PATH=/usr/local/bin:/usr/bin:/bin:/usr/sbin:/sbin:/usr/local/share/dotnet:~/.dotnet/tools
SHELL=/bin/bash

Signal Handlers:
SIGSEGV: [libjvm.dylib+0x781570], sa_mask[0]=11111111011111110111111111111111, sa_flags=SA_ONSTACK|SA_RESTART|SA_SIGINFO
SIGBUS: [libjvm.dylib+0x781570], sa_mask[0]=11111111011111110111111111111111, sa_flags=SA_RESTART|SA_SIGINFO
SIGFPE: [libjvm.dylib+0x781570], sa_mask[0]=11111111011111110111111111111111, sa_flags=SA_RESTART|SA_SIGINFO
SIGPIPE: [libjvm.dylib+0x627f75], sa_mask[0]=11111111011111110111111111111111, sa_flags=SA_RESTART|SA_SIGINFO
SIGXFSZ: [libjvm.dylib+0x627f75], sa_mask[0]=11111111011111110111111111111111, sa_flags=SA_RESTART|SA_SIGINFO
SIGILL: [libjvm.dylib+0x781570], sa_mask[0]=11111111011111110111111111111111, sa_flags=SA_RESTART|SA_SIGINFO
SIGUSR2: [libjvm.dylib+0x62855f], sa_mask[0]=00100000000000000000000000000000, sa_flags=SA_RESTART|SA_SIGINFO
SIGHUP: [libjvm.dylib+0x62754d], sa_mask[0]=11111111011111110111111111111111, sa_flags=SA_RESTART|SA_SIGINFO
SIGINT: [libjvm.dylib+0x62754d], sa_mask[0]=11111111011111110111111111111111, sa_flags=SA_RESTART|SA_SIGINFO
SIGTERM: [libjvm.dylib+0x62754d], sa_mask[0]=11111111011111110111111111111111, sa_flags=SA_RESTART|SA_SIGINFO
SIGQUIT: [libjvm.dylib+0x62754d], sa_mask[0]=11111111011111110111111111111111, sa_flags=SA_RESTART|SA_SIGINFO


---------------  S Y S T E M  ---------------

OS:uname:Darwin 19.3.0 Darwin Kernel Version 19.3.0: Thu Jan  9 20:58:23 PST 2020; root:xnu-6153.81.5~1/RELEASE_X86_64 x86_64
rlimit: STACK 8192k, CORE 0k, NPROC 1392, NOFILE 10240, AS infinity, DATA infinity, FSIZE infinity
load average:1.79 2.30 2.79

CPU:total 4 (initial active 4) (2 cores per cpu, 2 threads per core) family 6 model 142 stepping 9, cmov, cx8, fxsr, mmx, sse, sse2, sse3, ssse3, sse4.1, sse4.2, popcnt, avx, avx2, aes, clmul, erms, rtm, 3dnowpref, lzcnt, ht, tsc, tscinvbit, bmi1, bmi2, adx, fma

Memory: 4k page, physical 8388608k(419948k free), swap 1048576k(714496k free)

vm_info: Java HotSpot(TM) 64-Bit Server VM (13.0.1+9) for bsd-amd64 JRE (13.0.1+9), built on Oct  6 2019 11:43:59 by "mach5one" with clang 4.2.1 Compatible Apple LLVM 10.0.0 (clang-1000.11.45.5)

END.
